#  step      rmse_val    rmse_trn    rmse_e_val  rmse_e_trn    rmse_f_val  rmse_f_trn         lr
      0      1.98e+01    2.02e+01      4.51e-02    2.52e-02      6.26e-01    6.38e-01    1.0e-03
    100      1.93e+01    1.99e+01      1.31e-02    1.17e-02      6.11e-01    6.29e-01    1.0e-03
    200      1.50e+01    1.60e+01      3.53e-02    4.94e-02      4.74e-01    5.06e-01    1.0e-03
    300      1.35e+01    1.24e+01      4.46e-01    4.40e-01      4.27e-01    3.93e-01    1.0e-03
    400      1.21e+01    1.28e+01      2.28e-01    2.27e-01      3.82e-01    4.05e-01    1.0e-03
    500      1.04e+01    1.07e+01      2.20e-02    1.96e-02      3.28e-01    3.39e-01    1.0e-03
    600      1.24e+01    1.12e+01      1.36e-01    1.43e-01      3.92e-01    3.54e-01    1.0e-03
    700      1.02e+01    9.09e+00      2.45e-02    1.91e-02      3.22e-01    2.87e-01    1.0e-03
    800      1.01e+01    8.10e+00      6.59e-02    6.75e-02      3.18e-01    2.56e-01    1.0e-03
    900      1.08e+01    9.71e+00      6.23e-02    7.20e-02      3.42e-01    3.07e-01    1.0e-03
   1000      9.88e+00    9.46e+00      7.06e-03    7.71e-03      3.12e-01    2.99e-01    1.0e-03
   1100      8.21e+00    8.75e+00      4.66e-02    4.66e-02      2.60e-01    2.77e-01    1.0e-03
   1200      8.00e+00    8.70e+00      1.86e-02    1.86e-02      2.53e-01    2.75e-01    1.0e-03
   1300      8.26e+00    7.30e+00      9.05e-02    9.54e-02      2.61e-01    2.31e-01    1.0e-03
   1400      8.78e+00    7.90e+00      4.15e-03    8.02e-03      2.78e-01    2.50e-01    1.0e-03
   1500      8.64e+00    7.25e+00      1.23e-01    1.19e-01      2.73e-01    2.29e-01    1.0e-03
   1600      7.41e+00    7.26e+00      1.32e-02    1.36e-02      2.34e-01    2.30e-01    1.0e-03
   1700      7.56e+00    7.55e+00      1.80e-02    1.65e-02      2.39e-01    2.39e-01    1.0e-03
   1800      7.38e+00    6.39e+00      3.95e-02    3.50e-02      2.33e-01    2.02e-01    1.0e-03
   1900      7.54e+00    7.44e+00      7.21e-02    7.24e-02      2.38e-01    2.35e-01    1.0e-03
   2000      7.64e+00    7.14e+00      3.48e-02    3.47e-02      2.42e-01    2.26e-01    1.0e-03
   2100      7.15e+00    6.19e+00      6.44e-03    2.35e-03      2.26e-01    1.96e-01    1.0e-03
   2200      7.14e+00    7.37e+00      1.01e-02    1.22e-02      2.26e-01    2.33e-01    1.0e-03
   2300      7.47e+00    7.12e+00      5.70e-02    4.86e-02      2.36e-01    2.25e-01    1.0e-03
   2400      6.62e+00    7.08e+00      4.41e-02    4.76e-02      2.09e-01    2.24e-01    1.0e-03
   2500      6.61e+00    5.51e+00      5.57e-02    6.21e-02      2.09e-01    1.74e-01    1.0e-03
   2600      6.16e+00    5.41e+00      5.78e-02    5.46e-02      1.95e-01    1.71e-01    1.0e-03
   2700      6.37e+00    5.40e+00      1.25e-03    4.32e-03      2.01e-01    1.71e-01    1.0e-03
   2800      5.57e+00    5.56e+00      3.52e-02    3.18e-02      1.76e-01    1.76e-01    1.0e-03
   2900      6.73e+00    5.35e+00      2.90e-03    5.08e-04      2.13e-01    1.69e-01    1.0e-03
   3000      5.74e+00    5.02e+00      3.01e-02    3.12e-02      1.81e-01    1.59e-01    1.0e-03
   3100      6.28e+00    5.92e+00      7.30e-02    7.50e-02      1.99e-01    1.87e-01    1.0e-03
   3200      5.66e+00    5.28e+00      4.88e-04    5.12e-04      1.79e-01    1.67e-01    1.0e-03
   3300      5.53e+00    5.20e+00      2.20e-02    2.43e-02      1.75e-01    1.65e-01    1.0e-03
   3400      5.62e+00    4.95e+00      8.09e-03    6.35e-03      1.78e-01    1.56e-01    1.0e-03
   3500      5.61e+00    5.12e+00      1.47e-02    1.84e-02      1.77e-01    1.62e-01    1.0e-03
   3600      5.56e+00    5.61e+00      7.92e-03    8.65e-03      1.76e-01    1.78e-01    1.0e-03
   3700      5.40e+00    4.97e+00      2.04e-02    2.28e-02      1.71e-01    1.57e-01    1.0e-03
   3800      4.96e+00    5.48e+00      1.63e-02    1.47e-02      1.57e-01    1.73e-01    1.0e-03
   3900      5.25e+00    5.43e+00      2.67e-03    6.10e-03      1.66e-01    1.72e-01    1.0e-03
   4000      4.79e+00    4.47e+00      3.87e-02    4.08e-02      1.52e-01    1.41e-01    1.0e-03
   4100      4.88e+00    4.30e+00      2.21e-02    2.27e-02      1.54e-01    1.36e-01    1.0e-03
   4200      5.37e+00    4.54e+00      2.09e-02    1.50e-02      1.70e-01    1.44e-01    1.0e-03
   4300      4.68e+00    4.45e+00      6.60e-03    1.19e-02      1.48e-01    1.41e-01    1.0e-03
   4400      4.83e+00    5.25e+00      2.05e-02    2.25e-02      1.53e-01    1.66e-01    1.0e-03
   4500      5.01e+00    4.62e+00      1.92e-02    1.77e-02      1.59e-01    1.46e-01    1.0e-03
   4600      3.92e+00    4.07e+00      6.23e-03    8.54e-03      1.24e-01    1.29e-01    1.0e-03
   4700      4.11e+00    3.95e+00      3.05e-02    2.82e-02      1.30e-01    1.25e-01    1.0e-03
   4800      4.53e+00    3.57e+00      1.58e-02    1.32e-02      1.43e-01    1.13e-01    1.0e-03
   4900      4.15e+00    3.97e+00      2.55e-02    2.55e-02      1.31e-01    1.25e-01    1.0e-03
   5000      3.59e+00    3.21e+00      1.22e-02    9.69e-03      1.51e-01    1.35e-01    5.6e-04
   5100      3.30e+00    3.03e+00      1.36e-02    1.27e-02      1.39e-01    1.28e-01    5.6e-04
   5200      3.07e+00    2.69e+00      1.06e-02    1.37e-02      1.29e-01    1.13e-01    5.6e-04
   5300      3.24e+00    2.93e+00      4.64e-03    6.20e-03      1.37e-01    1.23e-01    5.6e-04
   5400      3.06e+00    2.66e+00      1.70e-02    1.83e-02      1.29e-01    1.12e-01    5.6e-04
   5500      2.86e+00    2.83e+00      6.00e-03    5.22e-03      1.20e-01    1.19e-01    5.6e-04
   5600      3.30e+00    3.11e+00      1.45e-02    1.57e-02      1.39e-01    1.31e-01    5.6e-04
   5700      2.93e+00    2.80e+00      2.09e-02    2.09e-02      1.23e-01    1.18e-01    5.6e-04
   5800      2.93e+00    3.44e+00      1.67e-02    1.80e-02      1.23e-01    1.45e-01    5.6e-04
   5900      3.30e+00    2.87e+00      2.85e-02    3.15e-02      1.39e-01    1.21e-01    5.6e-04
   6000      3.06e+00    2.87e+00      2.31e-03    2.56e-03      1.29e-01    1.21e-01    5.6e-04
   6100      2.95e+00    2.92e+00      6.30e-03    7.50e-03      1.24e-01    1.23e-01    5.6e-04
   6200      2.90e+00    2.30e+00      1.12e-02    1.33e-02      1.22e-01    9.67e-02    5.6e-04
   6300      2.62e+00    2.59e+00      2.58e-02    2.86e-02      1.10e-01    1.09e-01    5.6e-04
   6400      2.84e+00    2.67e+00      6.15e-03    6.23e-03      1.20e-01    1.13e-01    5.6e-04
   6500      2.72e+00    3.03e+00      2.18e-02    2.55e-02      1.14e-01    1.28e-01    5.6e-04
   6600      2.76e+00    2.50e+00      2.98e-02    3.11e-02      1.16e-01    1.05e-01    5.6e-04
   6700      3.21e+00    3.15e+00      3.37e-03    2.48e-04      1.35e-01    1.33e-01    5.6e-04
   6800      2.83e+00    3.01e+00      1.52e-02    1.46e-02      1.19e-01    1.27e-01    5.6e-04
   6900      2.91e+00    2.65e+00      1.78e-02    1.38e-02      1.23e-01    1.12e-01    5.6e-04
   7000      2.73e+00    2.66e+00      9.65e-03    7.45e-03      1.15e-01    1.12e-01    5.6e-04
   7100      2.93e+00    2.52e+00      3.36e-02    3.44e-02      1.23e-01    1.06e-01    5.6e-04
   7200      2.64e+00    2.80e+00      6.59e-04    1.30e-03      1.11e-01    1.18e-01    5.6e-04
   7300      2.90e+00    2.54e+00      4.77e-03    6.96e-03      1.22e-01    1.07e-01    5.6e-04
   7400      2.97e+00    2.46e+00      5.07e-03    4.78e-03      1.25e-01    1.04e-01    5.6e-04
   7500      2.64e+00    2.65e+00      1.39e-02    1.58e-02      1.11e-01    1.12e-01    5.6e-04
   7600      2.29e+00    2.72e+00      2.58e-03    9.21e-04      9.65e-02    1.15e-01    5.6e-04
   7700      2.46e+00    2.44e+00      9.02e-03    6.46e-03      1.04e-01    1.03e-01    5.6e-04
   7800      2.57e+00    2.35e+00      4.34e-04    4.79e-04      1.08e-01    9.91e-02    5.6e-04
   7900      2.69e+00    2.18e+00      2.03e-02    2.22e-02      1.13e-01    9.17e-02    5.6e-04
   8000      2.58e+00    1.98e+00      6.65e-03    7.14e-03      1.09e-01    8.36e-02    5.6e-04
   8100      2.77e+00    2.20e+00      1.19e-02    1.04e-02      1.17e-01    9.28e-02    5.6e-04
   8200      2.81e+00    2.58e+00      2.71e-02    2.56e-02      1.18e-01    1.09e-01    5.6e-04
   8300      2.79e+00    2.33e+00      4.56e-03    4.86e-03      1.17e-01    9.82e-02    5.6e-04
   8400      2.74e+00    2.47e+00      2.54e-02    2.37e-02      1.15e-01    1.04e-01    5.6e-04
   8500      2.24e+00    2.55e+00      8.79e-03    9.59e-03      9.44e-02    1.08e-01    5.6e-04
   8600      2.18e+00    2.25e+00      1.15e-02    1.34e-02      9.20e-02    9.48e-02    5.6e-04
   8700      2.45e+00    2.05e+00      5.85e-03    6.66e-03      1.03e-01    8.66e-02    5.6e-04
   8800      2.74e+00    2.39e+00      1.04e-02    1.02e-02      1.15e-01    1.01e-01    5.6e-04
   8900      2.54e+00    2.34e+00      6.90e-03    5.48e-03      1.07e-01    9.87e-02    5.6e-04
   9000      2.67e+00    2.33e+00      5.60e-03    4.45e-03      1.12e-01    9.84e-02    5.6e-04
   9100      3.17e+00    2.63e+00      6.49e-03    4.38e-03      1.34e-01    1.11e-01    5.6e-04
   9200      2.66e+00    2.49e+00      1.82e-02    1.61e-02      1.12e-01    1.05e-01    5.6e-04
   9300      2.29e+00    2.53e+00      3.52e-03    6.00e-04      9.66e-02    1.07e-01    5.6e-04
   9400      2.37e+00    2.58e+00      9.47e-03    9.96e-03      1.00e-01    1.09e-01    5.6e-04
   9500      2.65e+00    1.97e+00      3.92e-03    1.82e-03      1.12e-01    8.28e-02    5.6e-04
   9600      2.41e+00    2.58e+00      1.16e-02    1.23e-02      1.02e-01    1.09e-01    5.6e-04
   9700      2.57e+00    2.20e+00      7.61e-03    5.95e-03      1.08e-01    9.27e-02    5.6e-04
   9800      2.18e+00    2.19e+00      4.13e-03    1.25e-03      9.18e-02    9.24e-02    5.6e-04
   9900      2.18e+00    2.21e+00      8.69e-03    8.14e-03      9.21e-02    9.32e-02    5.6e-04
  10000      2.01e+00    1.88e+00      2.31e-02    2.31e-02      1.13e-01    1.05e-01    3.2e-04
  10100      1.72e+00    1.82e+00      3.79e-03    2.06e-03      9.67e-02    1.02e-01    3.2e-04
  10200      1.67e+00    1.70e+00      6.16e-03    7.19e-03      9.39e-02    9.53e-02    3.2e-04
  10300      1.71e+00    1.60e+00      1.92e-02    1.88e-02      9.59e-02    8.95e-02    3.2e-04
  10400      1.54e+00    1.73e+00      4.22e-03    3.65e-03      8.65e-02    9.69e-02    3.2e-04
  10500      1.60e+00    1.63e+00      2.10e-03    5.33e-04      9.00e-02    9.15e-02    3.2e-04
  10600      1.61e+00    1.55e+00      1.32e-02    1.32e-02      9.02e-02    8.67e-02    3.2e-04
  10700      1.59e+00    1.37e+00      2.30e-03    4.50e-03      8.93e-02    7.67e-02    3.2e-04
  10800      1.65e+00    1.61e+00      2.94e-03    2.63e-03      9.25e-02    9.02e-02    3.2e-04
  10900      1.68e+00    1.46e+00      1.25e-02    1.33e-02      9.44e-02    8.16e-02    3.2e-04
  11000      1.60e+00    1.29e+00      2.64e-03    1.49e-03      8.97e-02    7.26e-02    3.2e-04
  11100      1.65e+00    1.44e+00      1.73e-02    1.66e-02      9.26e-02    8.05e-02    3.2e-04
  11200      1.68e+00    1.32e+00      1.07e-02    9.87e-03      9.41e-02    7.38e-02    3.2e-04
  11300      1.47e+00    1.47e+00      6.73e-03    5.62e-03      8.24e-02    8.26e-02    3.2e-04
  11400      1.57e+00    1.66e+00      8.69e-03    1.06e-02      8.82e-02    9.29e-02    3.2e-04
  11500      1.57e+00    1.50e+00      1.33e-02    1.54e-02      8.80e-02    8.37e-02    3.2e-04
  11600      1.53e+00    1.63e+00      5.81e-04    1.40e-03      8.60e-02    9.17e-02    3.2e-04
  11700      1.62e+00    1.47e+00      7.51e-03    8.73e-03      9.07e-02    8.26e-02    3.2e-04
  11800      1.58e+00    1.48e+00      1.64e-02    1.69e-02      8.83e-02    8.28e-02    3.2e-04
  11900      1.71e+00    1.81e+00      6.21e-03    6.65e-03      9.59e-02    1.02e-01    3.2e-04
  12000      1.74e+00    1.61e+00      5.85e-03    6.81e-03      9.75e-02    9.04e-02    3.2e-04
  12100      1.55e+00    1.54e+00      8.32e-03    8.53e-03      8.68e-02    8.65e-02    3.2e-04
  12200      1.63e+00    1.22e+00      3.19e-03    3.25e-03      9.17e-02    6.87e-02    3.2e-04
  12300      1.48e+00    1.63e+00      3.42e-03    2.40e-03      8.30e-02    9.17e-02    3.2e-04
  12400      1.54e+00    1.50e+00      7.02e-03    4.50e-03      8.63e-02    8.43e-02    3.2e-04
  12500      1.62e+00    1.28e+00      5.04e-03    4.49e-03      9.09e-02    7.19e-02    3.2e-04
  12600      1.68e+00    1.41e+00      1.52e-02    1.55e-02      9.39e-02    7.89e-02    3.2e-04
  12700      1.47e+00    1.46e+00      1.20e-02    1.11e-02      8.27e-02    8.20e-02    3.2e-04
  12800      1.92e+00    1.78e+00      7.36e-03    7.15e-03      1.08e-01    1.00e-01    3.2e-04
  12900      1.57e+00    1.48e+00      9.08e-04    3.58e-04      8.82e-02    8.33e-02    3.2e-04
  13000      1.67e+00    1.51e+00      1.24e-02    1.11e-02      9.34e-02    8.49e-02    3.2e-04
  13100      1.42e+00    1.52e+00      3.72e-03    6.37e-03      7.98e-02    8.53e-02    3.2e-04
  13200      1.55e+00    1.61e+00      1.34e-02    1.56e-02      8.69e-02    8.99e-02    3.2e-04
  13300      1.59e+00    1.47e+00      1.12e-02    9.74e-03      8.92e-02    8.24e-02    3.2e-04
  13400      1.54e+00    1.52e+00      1.95e-02    1.87e-02      8.62e-02    8.50e-02    3.2e-04
  13500      1.75e+00    1.45e+00      1.66e-02    1.49e-02      9.78e-02    8.09e-02    3.2e-04
  13600      1.44e+00    1.33e+00      7.73e-03    7.75e-03      8.10e-02    7.45e-02    3.2e-04
  13700      1.57e+00    1.47e+00      2.06e-03    2.89e-03      8.80e-02    8.26e-02    3.2e-04
  13800      1.63e+00    1.72e+00      1.03e-02    9.42e-03      9.16e-02    9.65e-02    3.2e-04
  13900      1.57e+00    1.47e+00      3.92e-03    6.15e-03      8.81e-02    8.24e-02    3.2e-04
  14000      1.60e+00    1.68e+00      7.19e-03    5.28e-03      8.97e-02    9.45e-02    3.2e-04
  14100      1.53e+00    1.63e+00      2.01e-03    1.18e-03      8.57e-02    9.13e-02    3.2e-04
  14200      1.57e+00    1.51e+00      6.98e-03    8.51e-03      8.83e-02    8.49e-02    3.2e-04
  14300      1.58e+00    1.36e+00      1.26e-03    1.38e-03      8.86e-02    7.63e-02    3.2e-04
  14400      1.44e+00    1.44e+00      7.03e-04    1.98e-03      8.06e-02    8.06e-02    3.2e-04
  14500      1.57e+00    1.31e+00      7.51e-03    6.07e-03      8.79e-02    7.33e-02    3.2e-04
  14600      1.47e+00    1.58e+00      1.06e-02    1.01e-02      8.23e-02    8.84e-02    3.2e-04
  14700      1.68e+00    1.39e+00      1.09e-02    9.78e-03      9.43e-02    7.82e-02    3.2e-04
  14800      1.53e+00    1.39e+00      7.64e-03    1.07e-02      8.57e-02    7.78e-02    3.2e-04
  14900      1.66e+00    1.44e+00      3.60e-03    3.18e-03      9.31e-02    8.09e-02    3.2e-04
  15000      1.18e+00    1.03e+00      2.03e-02    1.89e-02      8.69e-02    7.61e-02    1.8e-04
  15100      1.14e+00    1.02e+00      1.57e-02    1.24e-02      8.49e-02    7.55e-02    1.8e-04
  15200      1.19e+00    1.15e+00      1.24e-02    1.16e-02      8.88e-02    8.57e-02    1.8e-04
  15300      1.06e+00    1.08e+00      5.45e-03    4.47e-03      7.89e-02    8.06e-02    1.8e-04
  15400      1.06e+00    1.00e+00      1.57e-02    1.53e-02      7.86e-02    7.42e-02    1.8e-04
  15500      1.20e+00    1.34e+00      1.37e-02    1.14e-02      8.92e-02    9.96e-02    1.8e-04
  15600      1.10e+00    1.04e+00      8.74e-03    9.25e-03      8.18e-02    7.72e-02    1.8e-04
  15700      1.08e+00    8.81e-01      4.30e-03    4.92e-03      8.06e-02    6.59e-02    1.8e-04
  15800      1.22e+00    1.12e+00      1.96e-03    4.81e-04      9.09e-02    8.37e-02    1.8e-04
  15900      1.06e+00    9.07e-01      2.85e-03    1.35e-03      7.96e-02    6.78e-02    1.8e-04
  16000      1.08e+00    1.08e+00      6.53e-03    7.71e-03      8.08e-02    8.06e-02    1.8e-04
  16100      1.03e+00    1.01e+00      1.42e-02    1.18e-02      7.68e-02    7.49e-02    1.8e-04
  16200      1.12e+00    9.54e-01      1.17e-02    1.09e-02      8.33e-02    7.10e-02    1.8e-04
  16300      1.12e+00    9.60e-01      2.66e-03    3.04e-03      8.38e-02    7.18e-02    1.8e-04
  16400      1.17e+00    1.11e+00      5.88e-03    7.08e-03      8.73e-02    8.25e-02    1.8e-04
  16500      1.17e+00    1.07e+00      5.94e-03    5.69e-03      8.73e-02    8.00e-02    1.8e-04
  16600      1.10e+00    1.21e+00      5.91e-03    6.38e-03      8.25e-02    9.06e-02    1.8e-04
  16700      1.13e+00    1.19e+00      3.72e-03    5.52e-03      8.46e-02    8.93e-02    1.8e-04
  16800      1.13e+00    9.69e-01      1.35e-02    1.33e-02      8.38e-02    7.19e-02    1.8e-04
  16900      1.05e+00    9.95e-01      7.88e-04    6.93e-04      7.84e-02    7.44e-02    1.8e-04
  17000      9.90e-01    1.02e+00      7.02e-03    7.99e-03      7.39e-02    7.59e-02    1.8e-04
  17100      1.10e+00    1.03e+00      6.26e-03    7.20e-03      8.22e-02    7.65e-02    1.8e-04
  17200      1.10e+00    1.12e+00      1.04e-02    9.62e-03      8.19e-02    8.39e-02    1.8e-04
  17300      1.14e+00    1.10e+00      1.79e-03    2.26e-03      8.53e-02    8.21e-02    1.8e-04
  17400      1.16e+00    1.17e+00      5.36e-03    4.57e-03      8.68e-02    8.77e-02    1.8e-04
  17500      1.09e+00    8.91e-01      2.12e-03    4.13e-03      8.12e-02    6.66e-02    1.8e-04
  17600      1.11e+00    1.19e+00      1.87e-03    1.90e-04      8.33e-02    8.87e-02    1.8e-04
  17700      1.17e+00    9.62e-01      1.36e-02    1.41e-02      8.67e-02    7.13e-02    1.8e-04
  17800      9.95e-01    9.55e-01      2.27e-03    2.19e-03      7.44e-02    7.14e-02    1.8e-04
  17900      9.83e-01    1.04e+00      1.47e-02    1.76e-02      7.29e-02    7.66e-02    1.8e-04
  18000      1.08e+00    9.61e-01      7.24e-03    7.48e-03      8.06e-02    7.17e-02    1.8e-04
  18100      1.02e+00    1.00e+00      6.40e-04    3.27e-04      7.66e-02    7.49e-02    1.8e-04
  18200      1.14e+00    9.59e-01      9.24e-03    8.68e-03      8.47e-02    7.15e-02    1.8e-04
  18300      1.16e+00    1.08e+00      1.39e-02    1.30e-02      8.59e-02    8.06e-02    1.8e-04
  18400      1.04e+00    1.19e+00      2.08e-03    2.19e-03      7.79e-02    8.90e-02    1.8e-04
  18500      1.09e+00    1.05e+00      7.58e-03    6.91e-03      8.17e-02    7.87e-02    1.8e-04
  18600      1.18e+00    9.79e-01      1.54e-02    1.39e-02      8.80e-02    7.26e-02    1.8e-04
  18700      1.14e+00    9.26e-01      6.37e-04    2.90e-03      8.50e-02    6.93e-02    1.8e-04
  18800      1.06e+00    1.00e+00      7.67e-03    9.72e-03      7.95e-02    7.48e-02    1.8e-04
  18900      1.07e+00    9.73e-01      1.63e-03    4.52e-04      8.04e-02    7.28e-02    1.8e-04
  19000      1.08e+00    9.72e-01      2.89e-03    2.31e-03      8.09e-02    7.27e-02    1.8e-04
  19100      1.24e+00    1.04e+00      1.20e-03    1.45e-04      9.31e-02    7.82e-02    1.8e-04
  19200      1.06e+00    1.19e+00      1.74e-02    1.69e-02      7.88e-02    8.80e-02    1.8e-04
  19300      1.13e+00    9.83e-01      1.17e-02    1.10e-02      8.45e-02    7.32e-02    1.8e-04
  19400      1.16e+00    1.13e+00      1.58e-02    1.47e-02      8.61e-02    8.37e-02    1.8e-04
  19500      1.14e+00    1.16e+00      1.34e-02    1.21e-02      8.47e-02    8.65e-02    1.8e-04
  19600      1.09e+00    9.92e-01      5.95e-03    4.04e-03      8.18e-02    7.42e-02    1.8e-04
  19700      1.07e+00    1.10e+00      1.26e-02    1.41e-02      7.96e-02    8.15e-02    1.8e-04
  19800      1.11e+00    9.50e-01      3.79e-03    3.45e-03      8.26e-02    7.11e-02    1.8e-04
  19900      1.06e+00    9.44e-01      6.70e-03    7.07e-03      7.95e-02    7.04e-02    1.8e-04
  20000      7.95e-01    6.57e-01      7.19e-04    3.44e-04      7.92e-02    6.54e-02    1.0e-04
  20100      7.90e-01    7.69e-01      4.02e-03    4.35e-03      7.86e-02    7.65e-02    1.0e-04
  20200      8.05e-01    8.98e-01      9.53e-04    2.55e-03      8.01e-02    8.94e-02    1.0e-04
  20300      7.86e-01    6.72e-01      7.48e-04    1.10e-03      7.83e-02    6.69e-02    1.0e-04
  20400      7.50e-01    6.76e-01      2.15e-03    3.57e-04      7.46e-02    6.73e-02    1.0e-04
  20500      7.54e-01    7.79e-01      3.47e-03    2.43e-03      7.49e-02    7.75e-02    1.0e-04
  20600      8.03e-01    7.26e-01      3.08e-03    2.34e-03      7.99e-02    7.22e-02    1.0e-04
  20700      8.13e-01    8.50e-01      3.38e-03    4.25e-03      8.08e-02    8.45e-02    1.0e-04
  20800      7.56e-01    7.96e-01      5.11e-03    4.95e-03      7.51e-02    7.91e-02    1.0e-04
  20900      7.69e-01    7.86e-01      7.58e-03    5.47e-03      7.62e-02    7.81e-02    1.0e-04
  21000      7.72e-01    8.85e-01      5.76e-04    3.23e-04      7.68e-02    8.81e-02    1.0e-04
  21100      7.48e-01    7.21e-01      4.37e-03    4.50e-03      7.43e-02    7.17e-02    1.0e-04
  21200      8.24e-01    7.08e-01      1.30e-02    1.15e-02      8.12e-02    6.97e-02    1.0e-04
  21300      7.46e-01    7.16e-01      3.91e-04    1.06e-03      7.43e-02    7.13e-02    1.0e-04
  21400      7.63e-01    6.75e-01      5.73e-03    6.20e-03      7.58e-02    6.69e-02    1.0e-04
  21500      7.27e-01    6.79e-01      5.10e-03    4.91e-03      7.23e-02    6.74e-02    1.0e-04
  21600      7.60e-01    7.92e-01      2.50e-03    1.78e-03      7.56e-02    7.89e-02    1.0e-04
  21700      7.58e-01    7.01e-01      5.76e-03    6.38e-03      7.53e-02    6.95e-02    1.0e-04
  21800      7.17e-01    6.48e-01      1.88e-03    3.51e-03      7.14e-02    6.45e-02    1.0e-04
  21900      8.05e-01    8.74e-01      8.74e-03    5.98e-03      7.97e-02    8.69e-02    1.0e-04
  22000      8.39e-01    6.39e-01      5.67e-03    4.17e-03      8.33e-02    6.35e-02    1.0e-04
  22100      8.33e-01    9.15e-01      6.11e-03    9.42e-03      8.28e-02    9.07e-02    1.0e-04
  22200      7.88e-01    7.25e-01      1.07e-02    8.35e-03      7.78e-02    7.17e-02    1.0e-04
  22300      8.56e-01    7.52e-01      6.85e-03    8.51e-03      8.50e-02    7.44e-02    1.0e-04
  22400      7.79e-01    8.70e-01      1.00e-02    9.86e-03      7.70e-02    8.62e-02    1.0e-04
  22500      7.84e-01    7.77e-01      2.74e-03    5.08e-04      7.80e-02    7.73e-02    1.0e-04
  22600      6.87e-01    7.13e-01      4.28e-04    1.27e-03      6.83e-02    7.09e-02    1.0e-04
  22700      7.54e-01    7.75e-01      3.96e-03    6.23e-03      7.50e-02    7.69e-02    1.0e-04
  22800      7.53e-01    7.12e-01      2.05e-04    1.37e-03      7.50e-02    7.09e-02    1.0e-04
  22900      7.48e-01    8.72e-01      1.10e-02    1.03e-02      7.38e-02    8.63e-02    1.0e-04
  23000      8.15e-01    6.35e-01      8.85e-03    1.09e-02      8.07e-02    6.24e-02    1.0e-04
  23100      8.28e-01    8.19e-01      2.04e-03    4.08e-03      8.24e-02    8.14e-02    1.0e-04
  23200      8.42e-01    8.01e-01      5.43e-03    3.44e-03      8.37e-02    7.97e-02    1.0e-04
  23300      7.37e-01    7.51e-01      9.47e-03    7.86e-03      7.29e-02    7.44e-02    1.0e-04
  23400      7.42e-01    7.29e-01      6.38e-03    6.03e-03      7.36e-02    7.24e-02    1.0e-04
  23500      6.83e-01    8.10e-01      5.90e-03    5.26e-03      6.78e-02    8.05e-02    1.0e-04
  23600      7.12e-01    7.82e-01      7.64e-03    6.51e-03      7.05e-02    7.77e-02    1.0e-04
  23700      7.45e-01    6.99e-01      1.08e-02    9.53e-03      7.34e-02    6.91e-02    1.0e-04
  23800      7.32e-01    7.99e-01      1.14e-02    1.34e-02      7.21e-02    7.85e-02    1.0e-04
  23900      7.16e-01    6.85e-01      2.54e-03    1.55e-03      7.12e-02    6.81e-02    1.0e-04
  24000      7.61e-01    9.22e-01      1.38e-03    5.63e-04      7.57e-02    9.18e-02    1.0e-04
  24100      8.67e-01    7.14e-01      1.26e-02    1.35e-02      8.55e-02    7.00e-02    1.0e-04
  24200      7.03e-01    7.38e-01      2.97e-03    1.79e-03      6.99e-02    7.34e-02    1.0e-04
  24300      7.52e-01    8.72e-01      2.52e-03    1.01e-03      7.48e-02    8.68e-02    1.0e-04
  24400      7.39e-01    7.66e-01      2.37e-03    2.31e-03      7.35e-02    7.63e-02    1.0e-04
  24500      7.56e-01    6.87e-01      5.80e-03    7.54e-03      7.51e-02    6.80e-02    1.0e-04
  24600      7.35e-01    7.54e-01      1.29e-02    1.37e-02      7.22e-02    7.40e-02    1.0e-04
  24700      8.06e-01    7.65e-01      4.82e-03    3.54e-03      8.01e-02    7.61e-02    1.0e-04
  24800      7.56e-01    8.07e-01      1.01e-02    1.20e-02      7.47e-02    7.95e-02    1.0e-04
  24900      6.99e-01    8.79e-01      2.23e-03    1.70e-03      6.96e-02    8.75e-02    1.0e-04
  25000      5.88e-01    5.22e-01      9.50e-03    1.08e-02      7.68e-02    6.76e-02    5.6e-05
  25100      5.82e-01    5.23e-01      4.80e-03    5.53e-03      7.67e-02    6.88e-02    5.6e-05
  25200      5.53e-01    5.06e-01      3.80e-04    1.07e-04      7.31e-02    6.69e-02    5.6e-05
  25300      6.16e-01    5.44e-01      3.12e-03    3.55e-03      8.14e-02    7.18e-02    5.6e-05
  25400      5.29e-01    5.74e-01      6.69e-04    5.30e-04      6.99e-02    7.60e-02    5.6e-05
  25500      5.47e-01    5.93e-01      2.04e-03    1.67e-03      7.23e-02    7.84e-02    5.6e-05
  25600      5.60e-01    5.38e-01      2.08e-03    3.20e-03      7.40e-02    7.10e-02    5.6e-05
  25700      5.76e-01    4.69e-01      1.20e-03    1.28e-03      7.61e-02    6.20e-02    5.6e-05
  25800      5.27e-01    5.23e-01      1.29e-04    1.92e-03      6.97e-02    6.91e-02    5.6e-05
  25900      5.58e-01    4.48e-01      1.16e-03    1.45e-03      7.38e-02    5.93e-02    5.6e-05
  26000      5.75e-01    6.07e-01      1.98e-03    1.63e-03      7.60e-02    8.02e-02    5.6e-05
  26100      5.70e-01    5.38e-01      1.57e-03    1.15e-03      7.53e-02    7.11e-02    5.6e-05
  26200      5.63e-01    5.62e-01      2.95e-03    2.74e-03      7.43e-02    7.43e-02    5.6e-05
  26300      5.69e-01    4.61e-01      3.38e-03    1.43e-03      7.52e-02    6.10e-02    5.6e-05
  26400      5.39e-01    5.62e-01      1.78e-03    9.84e-04      7.13e-02    7.44e-02    5.6e-05
  26500      5.74e-01    6.33e-01      5.05e-03    5.33e-03      7.57e-02    8.34e-02    5.6e-05
  26600      5.76e-01    6.80e-01      1.97e-03    3.04e-04      7.61e-02    8.99e-02    5.6e-05
  26700      6.08e-01    4.81e-01      3.81e-03    3.66e-03      8.02e-02    6.34e-02    5.6e-05
  26800      5.93e-01    5.07e-01      3.94e-03    4.02e-03      7.83e-02    6.68e-02    5.6e-05
  26900      5.68e-01    5.77e-01      8.89e-04    5.43e-04      7.52e-02    7.63e-02    5.6e-05
  27000      5.76e-01    5.78e-01      1.19e-03    4.44e-04      7.61e-02    7.64e-02    5.6e-05
  27100      6.12e-01    5.57e-01      5.32e-03    5.61e-03      8.07e-02    7.33e-02    5.6e-05
  27200      6.33e-01    6.14e-01      1.23e-03    5.38e-04      8.37e-02    8.12e-02    5.6e-05
  27300      5.67e-01    5.80e-01      2.21e-03    2.40e-03      7.49e-02    7.66e-02    5.6e-05
  27400      6.02e-01    7.13e-01      9.79e-03    1.03e-02      7.87e-02    9.34e-02    5.6e-05
  27500      5.64e-01    4.71e-01      2.00e-03    5.21e-04      7.45e-02    6.23e-02    5.6e-05
  27600      5.99e-01    6.61e-01      7.79e-03    8.98e-03      7.85e-02    8.67e-02    5.6e-05
  27700      5.86e-01    4.85e-01      8.43e-03    9.13e-03      7.68e-02    6.32e-02    5.6e-05
  27800      5.56e-01    5.15e-01      3.61e-03    2.40e-03      7.34e-02    6.81e-02    5.6e-05
  27900      5.93e-01    5.50e-01      1.06e-03    7.44e-04      7.84e-02    7.28e-02    5.6e-05
  28000      5.48e-01    6.10e-01      3.36e-03    3.60e-03      7.24e-02    8.05e-02    5.6e-05
  28100      6.40e-01    4.89e-01      2.32e-03    2.17e-03      8.46e-02    6.47e-02    5.6e-05
  28200      5.70e-01    5.68e-01      2.61e-03    1.76e-03      7.53e-02    7.51e-02    5.6e-05
  28300      5.86e-01    6.27e-01      1.15e-02    1.16e-02      7.61e-02    8.17e-02    5.6e-05
  28400      6.04e-01    6.70e-01      2.45e-03    2.00e-03      7.98e-02    8.85e-02    5.6e-05
  28500      5.75e-01    4.89e-01      3.07e-03    2.59e-03      7.59e-02    6.46e-02    5.6e-05
  28600      6.21e-01    5.43e-01      5.84e-03    6.26e-03      8.18e-02    7.13e-02    5.6e-05
  28700      5.95e-01    5.42e-01      2.35e-03    3.60e-03      7.86e-02    7.15e-02    5.6e-05
  28800      5.87e-01    5.27e-01      5.68e-03    6.41e-03      7.72e-02    6.93e-02    5.6e-05
  28900      5.99e-01    6.03e-01      4.20e-03    5.44e-03      7.90e-02    7.94e-02    5.6e-05
  29000      5.52e-01    5.09e-01      5.82e-03    4.50e-03      7.26e-02    6.71e-02    5.6e-05
  29100      5.40e-01    5.95e-01      6.77e-03    4.83e-03      7.09e-02    7.84e-02    5.6e-05
  29200      6.29e-01    6.58e-01      1.71e-03    3.62e-03      8.32e-02    8.69e-02    5.6e-05
  29300      5.83e-01    5.33e-01      2.05e-03    1.59e-03      7.71e-02    7.04e-02    5.6e-05
  29400      5.76e-01    4.86e-01      2.19e-03    2.44e-03      7.61e-02    6.41e-02    5.6e-05
  29500      5.96e-01    4.64e-01      3.22e-03    3.59e-03      7.87e-02    6.11e-02    5.6e-05
  29600      5.75e-01    6.35e-01      1.11e-03    2.22e-03      7.60e-02    8.40e-02    5.6e-05
  29700      5.94e-01    5.47e-01      4.89e-03    3.06e-03      7.83e-02    7.22e-02    5.6e-05
  29800      5.80e-01    5.10e-01      1.87e-03    1.09e-03      7.66e-02    6.75e-02    5.6e-05
  29900      5.55e-01    6.15e-01      5.61e-03    4.13e-03      7.30e-02    8.12e-02    5.6e-05
  30000      4.59e-01    4.62e-01      5.28e-04    2.75e-03      8.04e-02    8.08e-02    3.2e-05
  30100      4.88e-01    4.44e-01      5.24e-03    6.71e-04      8.50e-02    7.79e-02    3.2e-05
  30200      4.83e-01    4.39e-01      1.93e-03    3.71e-04      8.46e-02    7.69e-02    3.2e-05
  30300      4.88e-01    4.37e-01      9.65e-04    1.07e-03      8.54e-02    7.66e-02    3.2e-05
  30400      4.43e-01    4.56e-01      1.46e-03    1.34e-03      7.75e-02    7.98e-02    3.2e-05
  30500      4.21e-01    4.46e-01      1.08e-03    9.08e-04      7.37e-02    7.80e-02    3.2e-05
  30600      4.86e-01    4.44e-01      1.49e-03    3.44e-04      8.51e-02    7.78e-02    3.2e-05
  30700      4.57e-01    4.25e-01      1.07e-03    4.04e-05      8.00e-02    7.44e-02    3.2e-05
  30800      3.98e-01    3.88e-01      1.76e-03    2.41e-03      6.96e-02    6.78e-02    3.2e-05
  30900      4.66e-01    4.01e-01      8.18e-04    3.78e-04      8.17e-02    7.02e-02    3.2e-05
  31000      4.21e-01    4.53e-01      5.01e-03    1.93e-03      7.32e-02    7.93e-02    3.2e-05
  31100      4.22e-01    4.19e-01      3.19e-03    2.05e-03      7.37e-02    7.34e-02    3.2e-05
  31200      4.39e-01    4.28e-01      6.70e-04    1.98e-03      7.69e-02    7.49e-02    3.2e-05
  31300      4.52e-01    4.27e-01      9.68e-04    1.12e-03      7.92e-02    7.47e-02    3.2e-05
  31400      4.50e-01    4.12e-01      9.45e-04    1.55e-04      7.88e-02    7.22e-02    3.2e-05
  31500      4.61e-01    3.96e-01      2.49e-03    2.44e-03      8.07e-02    6.93e-02    3.2e-05
  31600      4.54e-01    4.58e-01      3.42e-03    4.89e-03      7.94e-02    7.98e-02    3.2e-05
  31700      3.78e-01    3.96e-01      1.02e-03    1.74e-03      6.61e-02    6.92e-02    3.2e-05
  31800      4.20e-01    4.39e-01      1.96e-03    9.78e-04      7.35e-02    7.68e-02    3.2e-05
  31900      4.83e-01    3.85e-01      3.27e-03    4.88e-03      8.44e-02    6.69e-02    3.2e-05
  32000      4.06e-01    3.92e-01      3.06e-03    2.19e-03      7.09e-02    6.85e-02    3.2e-05
  32100      3.93e-01    4.57e-01      3.19e-03    2.72e-03      6.86e-02    8.00e-02    3.2e-05
  32200      4.66e-01    4.33e-01      3.90e-03    2.94e-03      8.13e-02    7.57e-02    3.2e-05
  32300      4.63e-01    4.39e-01      1.06e-03    2.21e-03      8.10e-02    7.67e-02    3.2e-05
  32400      4.22e-01    3.93e-01      2.51e-03    9.97e-05      7.38e-02    6.89e-02    3.2e-05
  32500      4.91e-01    3.96e-01      4.79e-03    4.36e-03      8.55e-02    6.90e-02    3.2e-05
  32600      4.43e-01    3.82e-01      1.27e-03    1.59e-03      7.76e-02    6.69e-02    3.2e-05
  32700      4.66e-01    3.85e-01      1.10e-03    1.53e-03      8.16e-02    6.74e-02    3.2e-05
  32800      3.88e-01    4.66e-01      2.43e-03    2.68e-03      6.79e-02    8.15e-02    3.2e-05
  32900      4.58e-01    4.14e-01      1.65e-03    1.57e-03      8.02e-02    7.25e-02    3.2e-05
  33000      3.90e-01    3.47e-01      6.21e-04    6.98e-04      6.83e-02    6.08e-02    3.2e-05
  33100      4.02e-01    4.56e-01      2.86e-03    9.96e-04      7.03e-02    7.98e-02    3.2e-05
  33200      4.28e-01    3.92e-01      4.15e-03    3.32e-03      7.47e-02    6.84e-02    3.2e-05
  33300      4.28e-01    4.42e-01      1.85e-03    1.39e-03      7.49e-02    7.74e-02    3.2e-05
  33400      4.92e-01    3.80e-01      7.50e-04    7.33e-04      8.61e-02    6.66e-02    3.2e-05
  33500      4.57e-01    4.19e-01      6.04e-04    3.67e-04      8.01e-02    7.35e-02    3.2e-05
  33600      4.30e-01    4.02e-01      3.07e-03    3.99e-03      7.51e-02    7.00e-02    3.2e-05
  33700      4.63e-01    4.96e-01      3.38e-04    2.92e-03      8.11e-02    8.67e-02    3.2e-05
  33800      4.50e-01    3.87e-01      8.00e-04    1.17e-03      7.88e-02    6.77e-02    3.2e-05
  33900      4.23e-01    4.42e-01      1.30e-03    1.71e-03      7.41e-02    7.73e-02    3.2e-05
  34000      4.42e-01    3.89e-01      2.85e-04    1.16e-03      7.75e-02    6.81e-02    3.2e-05
  34100      3.87e-01    3.51e-01      1.24e-03    5.15e-04      6.77e-02    6.15e-02    3.2e-05
  34200      4.53e-01    3.84e-01      1.40e-03    1.06e-03      7.92e-02    6.73e-02    3.2e-05
  34300      4.76e-01    3.88e-01      3.44e-04    5.96e-04      8.34e-02    6.79e-02    3.2e-05
  34400      4.50e-01    4.55e-01      1.82e-03    2.40e-03      7.87e-02    7.97e-02    3.2e-05
  34500      4.09e-01    3.80e-01      7.50e-04    2.25e-04      7.16e-02    6.66e-02    3.2e-05
  34600      4.55e-01    4.13e-01      3.86e-03    3.66e-03      7.94e-02    7.21e-02    3.2e-05
  34700      4.21e-01    4.46e-01      1.01e-03    2.12e-03      7.37e-02    7.80e-02    3.2e-05
  34800      4.44e-01    3.88e-01      2.07e-03    2.29e-03      7.77e-02    6.79e-02    3.2e-05
  34900      3.89e-01    4.91e-01      1.95e-04    1.70e-03      6.81e-02    8.60e-02    3.2e-05
  35000      3.24e-01    3.35e-01      1.80e-03    2.04e-04      7.47e-02    7.73e-02    1.8e-05
  35100      2.98e-01    2.74e-01      5.81e-04    7.02e-04      6.89e-02    6.32e-02    1.8e-05
  35200      3.02e-01    2.93e-01      1.49e-03    2.26e-03      6.96e-02    6.74e-02    1.8e-05
  35300      3.25e-01    3.03e-01      1.08e-03    1.23e-03      7.50e-02    6.99e-02    1.8e-05
  35400      3.14e-01    3.51e-01      8.36e-04    1.82e-03      7.24e-02    8.08e-02    1.8e-05
  35500      3.20e-01    3.10e-01      1.40e-03    2.51e-03      7.38e-02    7.13e-02    1.8e-05
  35600      3.54e-01    3.92e-01      1.53e-03    1.99e-03      8.17e-02    9.04e-02    1.8e-05
  35700      3.12e-01    3.39e-01      1.89e-03    1.11e-03      7.19e-02    7.81e-02    1.8e-05
  35800      3.24e-01    3.68e-01      2.35e-03    1.73e-03      7.46e-02    8.48e-02    1.8e-05
  35900      3.01e-01    2.82e-01      2.48e-03    2.60e-03      6.92e-02    6.47e-02    1.8e-05
  36000      3.66e-01    2.77e-01      4.59e-04    1.11e-03      8.45e-02    6.38e-02    1.8e-05
  36100      3.28e-01    3.24e-01      1.33e-03    3.10e-04      7.57e-02    7.47e-02    1.8e-05
  36200      3.23e-01    3.31e-01      7.27e-04    1.23e-03      7.45e-02    7.65e-02    1.8e-05
  36300      3.16e-01    2.55e-01      9.20e-04    6.56e-04      7.29e-02    5.89e-02    1.8e-05
  36400      3.35e-01    2.79e-01      4.41e-03    4.60e-03      7.68e-02    6.35e-02    1.8e-05
  36500      3.29e-01    3.25e-01      2.44e-03    1.74e-04      7.58e-02    7.51e-02    1.8e-05
  36600      3.30e-01    3.66e-01      3.66e-03    3.28e-03      7.57e-02    8.42e-02    1.8e-05
  36700      2.97e-01    3.44e-01      1.63e-03    1.73e-03      6.84e-02    7.92e-02    1.8e-05
  36800      3.17e-01    3.16e-01      1.63e-03    1.64e-03      7.32e-02    7.29e-02    1.8e-05
  36900      2.78e-01    2.95e-01      8.57e-04    1.31e-03      6.41e-02    6.79e-02    1.8e-05
  37000      3.49e-01    2.81e-01      9.62e-04    1.02e-03      8.06e-02    6.48e-02    1.8e-05
  37100      3.17e-01    2.88e-01      5.32e-04    1.08e-03      7.31e-02    6.64e-02    1.8e-05
  37200      3.24e-01    2.62e-01      1.99e-03    5.44e-04      7.46e-02    6.04e-02    1.8e-05
  37300      3.08e-01    3.37e-01      9.07e-04    4.05e-04      7.10e-02    7.78e-02    1.8e-05
  37400      3.43e-01    3.27e-01      9.40e-04    1.03e-03      7.91e-02    7.54e-02    1.8e-05
  37500      3.52e-01    3.01e-01      8.16e-04    4.59e-04      8.12e-02    6.96e-02    1.8e-05
  37600      3.00e-01    2.66e-01      2.54e-03    1.60e-03      6.90e-02    6.12e-02    1.8e-05
  37700      2.90e-01    2.77e-01      1.03e-03    1.72e-03      6.68e-02    6.39e-02    1.8e-05
  37800      3.15e-01    2.69e-01      5.69e-04    1.07e-04      7.28e-02    6.22e-02    1.8e-05
  37900      3.71e-01    3.24e-01      8.00e-04    3.40e-04      8.56e-02    7.48e-02    1.8e-05
  38000      3.00e-01    3.75e-01      6.87e-04    1.38e-03      6.92e-02    8.65e-02    1.8e-05
  38100      3.00e-01    2.90e-01      1.05e-03    1.02e-04      6.92e-02    6.69e-02    1.8e-05
  38200      3.29e-01    3.21e-01      7.82e-04    6.60e-04      7.60e-02    7.41e-02    1.8e-05
  38300      2.85e-01    3.32e-01      2.16e-03    2.47e-03      6.57e-02    7.66e-02    1.8e-05
  38400      3.42e-01    2.99e-01      3.33e-03    2.37e-03      7.86e-02    6.88e-02    1.8e-05
  38500      3.78e-01    3.18e-01      6.20e-04    6.69e-04      8.73e-02    7.34e-02    1.8e-05
  38600      2.90e-01    2.63e-01      2.03e-03    1.99e-03      6.69e-02    6.04e-02    1.8e-05
  38700      3.53e-01    3.17e-01      1.49e-03    7.02e-04      8.15e-02    7.32e-02    1.8e-05
  38800      3.01e-01    2.99e-01      7.62e-04    4.58e-04      6.96e-02    6.91e-02    1.8e-05
  38900      3.32e-01    2.87e-01      9.72e-04    9.01e-04      7.66e-02    6.63e-02    1.8e-05
  39000      3.45e-01    2.97e-01      2.40e-03    2.55e-03      7.95e-02    6.84e-02    1.8e-05
  39100      3.13e-01    3.42e-01      7.86e-04    5.01e-05      7.22e-02    7.91e-02    1.8e-05
  39200      3.39e-01    2.99e-01      7.35e-04    7.08e-04      7.83e-02    6.90e-02    1.8e-05
  39300      3.48e-01    3.05e-01      4.23e-03    2.71e-03      7.98e-02    7.02e-02    1.8e-05
  39400      3.26e-01    3.23e-01      9.71e-04    4.32e-04      7.52e-02    7.45e-02    1.8e-05
  39500      3.18e-01    3.29e-01      1.99e-03    1.13e-03      7.33e-02    7.60e-02    1.8e-05
  39600      3.40e-01    2.65e-01      6.43e-04    2.09e-04      7.85e-02    6.11e-02    1.8e-05
  39700      3.27e-01    3.15e-01      1.51e-03    9.71e-04      7.53e-02    7.27e-02    1.8e-05
  39800      3.10e-01    2.92e-01      6.27e-03    4.04e-03      7.01e-02    6.67e-02    1.8e-05
  39900      3.58e-01    2.86e-01      9.90e-04    1.05e-03      8.26e-02    6.60e-02    1.8e-05
  40000      2.61e-01    2.27e-01      1.97e-03    1.76e-03      7.84e-02    6.84e-02    1.0e-05
  40100      2.21e-01    2.57e-01      7.29e-04    1.31e-03      6.65e-02    7.75e-02    1.0e-05
  40200      2.43e-01    2.73e-01      2.01e-03    1.15e-03      7.32e-02    8.23e-02    1.0e-05
  40300      2.31e-01    2.61e-01      1.66e-03    7.86e-04      6.94e-02    7.87e-02    1.0e-05
  40400      2.40e-01    2.01e-01      5.75e-04    3.71e-05      7.23e-02    6.08e-02    1.0e-05
  40500      2.26e-01    2.21e-01      1.51e-03    1.39e-03      6.81e-02    6.65e-02    1.0e-05
  40600      2.39e-01    2.14e-01      8.02e-04    1.43e-03      7.20e-02    6.43e-02    1.0e-05
  40700      2.30e-01    2.33e-01      9.90e-04    9.55e-04      6.93e-02    7.04e-02    1.0e-05
  40800      2.41e-01    2.17e-01      1.78e-03    1.47e-03      7.24e-02    6.53e-02    1.0e-05
  40900      2.30e-01    2.33e-01      1.03e-03    5.34e-04      6.93e-02    7.03e-02    1.0e-05
  41000      2.42e-01    2.13e-01      1.12e-03    1.68e-04      7.29e-02    6.42e-02    1.0e-05
  41100      2.48e-01    2.37e-01      5.16e-04    1.76e-04      7.47e-02    7.13e-02    1.0e-05
  41200      2.54e-01    2.96e-01      4.15e-04    5.50e-04      7.67e-02    8.92e-02    1.0e-05
  41300      2.43e-01    2.21e-01      1.81e-03    2.35e-03      7.29e-02    6.62e-02    1.0e-05
  41400      2.31e-01    2.38e-01      1.84e-03    2.32e-03      6.93e-02    7.13e-02    1.0e-05
  41500      2.18e-01    2.58e-01      3.97e-04    6.87e-04      6.56e-02    7.77e-02    1.0e-05
  41600      2.29e-01    2.53e-01      2.61e-03    3.49e-03      6.85e-02    7.55e-02    1.0e-05
  41700      2.32e-01    2.12e-01      1.42e-04    6.92e-04      6.99e-02    6.40e-02    1.0e-05
  41800      2.34e-01    2.21e-01      1.02e-03    4.80e-04      7.05e-02    6.67e-02    1.0e-05
  41900      2.24e-01    2.31e-01      5.98e-04    8.13e-04      6.75e-02    6.98e-02    1.0e-05
  42000      2.35e-01    2.63e-01      2.84e-03    2.73e-03      7.04e-02    7.89e-02    1.0e-05
  42100      2.18e-01    2.47e-01      9.37e-04    3.98e-04      6.58e-02    7.46e-02    1.0e-05
  42200      2.38e-01    2.47e-01      5.31e-04    1.76e-04      7.17e-02    7.45e-02    1.0e-05
  42300      2.11e-01    2.22e-01      1.36e-03    2.03e-03      6.34e-02    6.67e-02    1.0e-05
  42400      2.09e-01    2.60e-01      8.05e-04    3.84e-04      6.30e-02    7.83e-02    1.0e-05
  42500      2.48e-01    2.32e-01      6.80e-04    5.69e-05      7.47e-02    7.00e-02    1.0e-05
  42600      2.57e-01    2.16e-01      1.04e-03    5.15e-04      7.74e-02    6.52e-02    1.0e-05
  42700      2.27e-01    2.31e-01      7.97e-04    6.39e-04      6.84e-02    6.97e-02    1.0e-05
  42800      2.38e-01    2.57e-01      7.78e-04    2.45e-04      7.17e-02    7.76e-02    1.0e-05
  42900      2.35e-01    2.78e-01      1.24e-03    9.80e-04      7.07e-02    8.38e-02    1.0e-05
  43000      2.34e-01    2.79e-01      1.57e-03    1.30e-03      7.05e-02    8.42e-02    1.0e-05
  43100      2.34e-01    2.37e-01      7.87e-04    4.46e-04      7.04e-02    7.16e-02    1.0e-05
  43200      2.37e-01    2.62e-01      1.73e-03    2.52e-03      7.12e-02    7.88e-02    1.0e-05
  43300      2.20e-01    2.33e-01      2.14e-04    2.79e-04      6.64e-02    7.02e-02    1.0e-05
  43400      2.35e-01    2.31e-01      1.23e-03    1.11e-03      7.09e-02    6.97e-02    1.0e-05
  43500      2.47e-01    2.23e-01      1.15e-03    3.40e-03      7.45e-02    6.65e-02    1.0e-05
  43600      2.26e-01    2.25e-01      1.28e-03    1.90e-03      6.79e-02    6.76e-02    1.0e-05
  43700      2.34e-01    2.33e-01      3.66e-04    1.18e-03      7.07e-02    7.02e-02    1.0e-05
  43800      2.55e-01    2.59e-01      5.74e-04    1.37e-03      7.68e-02    7.79e-02    1.0e-05
  43900      2.30e-01    2.29e-01      8.96e-04    8.36e-04      6.94e-02    6.91e-02    1.0e-05
  44000      2.21e-01    2.39e-01      9.58e-04    3.71e-04      6.65e-02    7.20e-02    1.0e-05
  44100      2.28e-01    2.63e-01      5.00e-04    1.11e-03      6.87e-02    7.92e-02    1.0e-05
  44200      2.20e-01    2.35e-01      1.09e-03    8.06e-04      6.63e-02    7.09e-02    1.0e-05
  44300      2.26e-01    2.38e-01      1.28e-03    2.79e-03      6.80e-02    7.13e-02    1.0e-05
  44400      2.42e-01    2.58e-01      2.27e-04    1.04e-03      7.30e-02    7.77e-02    1.0e-05
  44500      2.52e-01    2.25e-01      1.21e-03    1.19e-03      7.60e-02    6.78e-02    1.0e-05
  44600      2.50e-01    2.50e-01      1.07e-03    3.74e-04      7.54e-02    7.54e-02    1.0e-05
  44700      2.25e-01    2.39e-01      2.26e-03    8.24e-04      6.76e-02    7.20e-02    1.0e-05
  44800      2.43e-01    2.66e-01      4.89e-04    5.08e-04      7.33e-02    8.02e-02    1.0e-05
  44900      2.43e-01    2.33e-01      9.88e-04    4.76e-04      7.30e-02    7.04e-02    1.0e-05
  45000      1.85e-01    1.84e-01      1.86e-03    2.55e-03      7.16e-02    7.08e-02    5.6e-06
  45100      1.81e-01    1.89e-01      1.19e-03    3.24e-04      7.03e-02    7.36e-02    5.6e-06
  45200      1.78e-01    1.74e-01      1.41e-03    5.58e-04      6.90e-02    6.75e-02    5.6e-06
  45300      1.80e-01    2.01e-01      9.24e-04    9.75e-04      6.96e-02    7.81e-02    5.6e-06
  45400      1.91e-01    1.61e-01      1.23e-03    7.83e-04      7.40e-02    6.26e-02    5.6e-06
  45500      1.96e-01    1.83e-01      1.07e-03    7.59e-04      7.60e-02    7.11e-02    5.6e-06
  45600      1.83e-01    1.81e-01      1.81e-03    1.25e-03      7.06e-02    7.02e-02    5.6e-06
  45700      1.71e-01    1.42e-01      1.35e-03    8.53e-04      6.64e-02    5.51e-02    5.6e-06
  45800      1.87e-01    2.09e-01      1.21e-03    4.15e-04      7.25e-02    8.11e-02    5.6e-06
  45900      1.76e-01    1.68e-01      9.85e-04    7.05e-04      6.83e-02    6.53e-02    5.6e-06
  46000      1.91e-01    1.54e-01      2.99e-03    1.28e-03      7.34e-02    5.97e-02    5.6e-06
  46100      1.94e-01    2.01e-01      1.20e-03    1.82e-03      7.53e-02    7.79e-02    5.6e-06
  46200      1.97e-01    1.69e-01      9.25e-04    9.86e-04      7.65e-02    6.57e-02    5.6e-06
  46300      1.81e-01    1.75e-01      6.48e-04    3.86e-04      7.03e-02    6.81e-02    5.6e-06
  46400      1.70e-01    1.62e-01      8.53e-04    1.15e-03      6.62e-02    6.29e-02    5.6e-06
  46500      1.80e-01    1.85e-01      1.40e-03    1.62e-04      6.99e-02    7.20e-02    5.6e-06
  46600      2.06e-01    2.00e-01      1.42e-03    2.02e-03      7.98e-02    7.73e-02    5.6e-06
  46700      1.92e-01    2.00e-01      3.49e-04    8.21e-04      7.45e-02    7.77e-02    5.6e-06
  46800      1.80e-01    1.50e-01      7.86e-04    4.48e-05      7.00e-02    5.82e-02    5.6e-06
  46900      1.82e-01    1.70e-01      1.99e-03    5.56e-04      7.05e-02    6.62e-02    5.6e-06
  47000      1.78e-01    1.88e-01      1.18e-03    1.49e-03      6.90e-02    7.30e-02    5.6e-06
  47100      1.77e-01    1.65e-01      7.17e-04    4.79e-04      6.87e-02    6.43e-02    5.6e-06
  47200      1.80e-01    1.88e-01      1.87e-04    7.30e-04      7.01e-02    7.29e-02    5.6e-06
  47300      1.86e-01    1.75e-01      1.11e-03    1.45e-04      7.21e-02    6.81e-02    5.6e-06
  47400      1.85e-01    1.81e-01      2.03e-03    2.29e-03      7.14e-02    6.99e-02    5.6e-06
  47500      1.82e-01    1.89e-01      2.10e-03    1.39e-03      7.00e-02    7.35e-02    5.6e-06
  47600      1.85e-01    1.97e-01      1.74e-03    9.28e-04      7.17e-02    7.66e-02    5.6e-06
  47700      1.73e-01    2.07e-01      1.15e-03    1.15e-03      6.71e-02    8.03e-02    5.6e-06
  47800      1.79e-01    1.73e-01      2.10e-03    5.97e-04      6.92e-02    6.71e-02    5.6e-06
  47900      1.89e-01    2.01e-01      2.18e-03    7.02e-05      7.29e-02    7.80e-02    5.6e-06
  48000      1.74e-01    1.76e-01      7.29e-04    2.68e-04      6.74e-02    6.83e-02    5.6e-06
  48100      1.86e-01    1.65e-01      8.08e-04    3.08e-04      7.23e-02    6.43e-02    5.6e-06
  48200      1.76e-01    1.70e-01      9.11e-04    3.76e-04      6.83e-02    6.62e-02    5.6e-06
  48300      1.76e-01    1.70e-01      1.24e-03    2.17e-03      6.80e-02    6.56e-02    5.6e-06
  48400      1.99e-01    2.14e-01      1.16e-03    1.17e-04      7.71e-02    8.31e-02    5.6e-06
  48500      1.89e-01    1.73e-01      6.11e-04    1.23e-03      7.33e-02    6.72e-02    5.6e-06
  48600      1.86e-01    1.87e-01      4.65e-04    1.01e-03      7.23e-02    7.24e-02    5.6e-06
  48700      1.81e-01    1.87e-01      1.67e-03    4.80e-04      6.99e-02    7.26e-02    5.6e-06
  48800      1.78e-01    1.97e-01      1.48e-03    1.05e-03      6.88e-02    7.66e-02    5.6e-06
  48900      1.97e-01    2.00e-01      3.36e-03    1.38e-03      7.54e-02    7.74e-02    5.6e-06
  49000      1.76e-01    1.72e-01      9.54e-04    9.41e-05      6.83e-02    6.68e-02    5.6e-06
  49100      1.82e-01    1.50e-01      8.58e-04    3.88e-04      7.08e-02    5.83e-02    5.6e-06
  49200      1.93e-01    1.85e-01      1.07e-03    3.36e-04      7.50e-02    7.18e-02    5.6e-06
  49300      1.77e-01    2.10e-01      6.10e-04    9.97e-04      6.88e-02    8.17e-02    5.6e-06
  49400      1.84e-01    1.97e-01      1.06e-03    7.10e-04      7.14e-02    7.67e-02    5.6e-06
  49500      1.76e-01    1.53e-01      8.77e-04    6.48e-04      6.82e-02    5.93e-02    5.6e-06
  49600      1.88e-01    1.87e-01      1.13e-03    1.62e-03      7.28e-02    7.23e-02    5.6e-06
  49700      1.82e-01    1.62e-01      1.01e-03    3.33e-04      7.05e-02    6.30e-02    5.6e-06
  49800      1.75e-01    1.70e-01      1.44e-03    2.91e-04      6.80e-02    6.62e-02    5.6e-06
  49900      1.80e-01    1.78e-01      1.39e-03    2.02e-03      6.98e-02    6.86e-02    5.6e-06
  50000      1.41e-01    1.61e-01      9.96e-04    7.18e-04      6.90e-02    7.90e-02    3.2e-06
  50100      1.37e-01    1.58e-01      8.54e-04    9.35e-04      6.72e-02    7.71e-02    3.2e-06
  50200      1.46e-01    1.72e-01      4.08e-03    1.36e-03      6.83e-02    8.41e-02    3.2e-06
  50300      1.41e-01    1.43e-01      7.07e-04    1.91e-04      6.89e-02    7.00e-02    3.2e-06
  50400      1.49e-01    1.26e-01      1.07e-03    2.82e-04      7.27e-02    6.18e-02    3.2e-06
  50500      1.26e-01    1.33e-01      7.21e-04    5.95e-04      6.15e-02    6.50e-02    3.2e-06
  50600      1.49e-01    1.41e-01      1.17e-03    8.07e-04      7.28e-02    6.89e-02    3.2e-06
  50700      1.37e-01    1.41e-01      7.22e-04    5.98e-04      6.73e-02    6.92e-02    3.2e-06
  50800      1.44e-01    1.36e-01      5.23e-04    7.35e-04      7.06e-02    6.66e-02    3.2e-06
  50900      1.46e-01    1.49e-01      1.21e-03    1.07e-03      7.11e-02    7.28e-02    3.2e-06
  51000      1.43e-01    1.57e-01      6.28e-04    8.83e-06      7.01e-02    7.71e-02    3.2e-06
  51100      1.38e-01    1.47e-01      7.13e-04    1.30e-03      6.77e-02    7.19e-02    3.2e-06
  51200      1.48e-01    1.71e-01      1.31e-03    1.01e-03      7.21e-02    8.37e-02    3.2e-06
  51300      1.47e-01    1.74e-01      1.01e-03    3.26e-04      7.16e-02    8.51e-02    3.2e-06
  51400      1.36e-01    1.64e-01      8.57e-04    3.40e-04      6.68e-02    8.03e-02    3.2e-06
  51500      1.42e-01    1.52e-01      1.01e-03    2.21e-03      6.93e-02    7.37e-02    3.2e-06
  51600      1.40e-01    1.34e-01      6.48e-04    9.38e-04      6.87e-02    6.58e-02    3.2e-06
  51700      1.45e-01    1.35e-01      1.69e-03    2.41e-03      7.04e-02    6.51e-02    3.2e-06
  51800      1.42e-01    1.52e-01      5.63e-04    4.63e-04      6.97e-02    7.46e-02    3.2e-06
  51900      1.33e-01    1.28e-01      1.02e-03    9.95e-05      6.48e-02    6.26e-02    3.2e-06
  52000      1.43e-01    1.36e-01      1.93e-04    1.58e-04      7.00e-02    6.66e-02    3.2e-06
  52100      1.42e-01    1.56e-01      6.85e-04    7.78e-04      6.96e-02    7.66e-02    3.2e-06
  52200      1.42e-01    1.40e-01      6.70e-04    1.27e-03      6.98e-02    6.83e-02    3.2e-06
  52300      1.35e-01    1.26e-01      2.51e-04    2.38e-04      6.64e-02    6.20e-02    3.2e-06
  52400      1.44e-01    1.37e-01      6.74e-04    5.90e-05      7.06e-02    6.70e-02    3.2e-06
  52500      1.41e-01    1.37e-01      1.62e-03    2.03e-03      6.85e-02    6.66e-02    3.2e-06
  52600      1.37e-01    1.58e-01      7.95e-04    8.39e-04      6.70e-02    7.75e-02    3.2e-06
  52700      1.49e-01    1.58e-01      3.37e-04    5.03e-04      7.31e-02    7.72e-02    3.2e-06
  52800      1.49e-01    1.49e-01      1.38e-03    8.57e-04      7.29e-02    7.31e-02    3.2e-06
  52900      1.32e-01    1.77e-01      9.19e-04    9.11e-04      6.43e-02    8.67e-02    3.2e-06
  53000      1.49e-01    1.39e-01      1.33e-03    1.58e-03      7.26e-02    6.76e-02    3.2e-06
  53100      1.36e-01    1.35e-01      6.35e-04    2.89e-04      6.65e-02    6.62e-02    3.2e-06
  53200      1.43e-01    1.50e-01      8.95e-04    1.17e-03      7.01e-02    7.33e-02    3.2e-06
  53300      1.35e-01    1.24e-01      8.86e-04    7.73e-04      6.58e-02    6.05e-02    3.2e-06
  53400      1.39e-01    1.46e-01      1.15e-03    1.99e-03      6.81e-02    7.11e-02    3.2e-06
  53500      1.35e-01    1.41e-01      2.55e-04    1.41e-04      6.61e-02    6.90e-02    3.2e-06
  53600      1.32e-01    1.29e-01      8.25e-04    7.31e-04      6.45e-02    6.32e-02    3.2e-06
  53700      1.39e-01    1.54e-01      8.77e-04    5.72e-04      6.79e-02    7.53e-02    3.2e-06
  53800      1.32e-01    1.44e-01      5.74e-04    1.16e-04      6.45e-02    7.08e-02    3.2e-06
  53900      1.41e-01    1.45e-01      5.17e-04    8.22e-04      6.92e-02    7.12e-02    3.2e-06
  54000      1.42e-01    1.48e-01      6.41e-04    1.21e-03      6.93e-02    7.25e-02    3.2e-06
  54100      1.49e-01    1.29e-01      7.41e-04    1.57e-03      7.30e-02    6.30e-02    3.2e-06
  54200      1.44e-01    1.39e-01      6.06e-04    4.44e-04      7.08e-02    6.82e-02    3.2e-06
  54300      1.40e-01    1.57e-01      1.98e-03    2.01e-03      6.78e-02    7.66e-02    3.2e-06
  54400      1.43e-01    1.39e-01      2.45e-04    4.08e-04      7.02e-02    6.80e-02    3.2e-06
  54500      1.48e-01    1.50e-01      1.83e-03    1.62e-03      7.20e-02    7.31e-02    3.2e-06
  54600      1.45e-01    1.29e-01      9.25e-04    3.52e-04      7.08e-02    6.34e-02    3.2e-06
  54700      1.43e-01    1.42e-01      1.07e-03    1.99e-03      7.00e-02    6.89e-02    3.2e-06
  54800      1.50e-01    1.47e-01      1.39e-03    1.18e-04      7.35e-02    7.22e-02    3.2e-06
  54900      1.47e-01    1.67e-01      1.28e-03    6.50e-04      7.20e-02    8.18e-02    3.2e-06
  55000      1.24e-01    1.40e-01      5.85e-04    4.32e-04      7.45e-02    8.38e-02    1.8e-06
  55100      1.12e-01    1.03e-01      4.12e-04    1.65e-04      6.74e-02    6.16e-02    1.8e-06
  55200      1.11e-01    1.08e-01      3.74e-04    9.34e-04      6.67e-02    6.45e-02    1.8e-06
  55300      1.16e-01    1.11e-01      3.75e-04    2.90e-04      6.98e-02    6.68e-02    1.8e-06
  55400      1.15e-01    1.15e-01      6.79e-04    3.95e-04      6.88e-02    6.88e-02    1.8e-06
  55500      1.13e-01    1.24e-01      1.33e-03    8.99e-05      6.71e-02    7.47e-02    1.8e-06
  55600      1.25e-01    1.28e-01      2.29e-03    1.69e-03      7.37e-02    7.59e-02    1.8e-06
  55700      1.19e-01    1.43e-01      4.43e-04    9.97e-04      7.14e-02    8.54e-02    1.8e-06
  55800      1.22e-01    1.30e-01      1.05e-03    2.50e-03      7.29e-02    7.66e-02    1.8e-06
  55900      1.22e-01    1.18e-01      8.80e-04    1.66e-03      7.28e-02    7.02e-02    1.8e-06
  56000      1.16e-01    1.10e-01      8.64e-04    1.31e-03      6.95e-02    6.58e-02    1.8e-06
  56100      1.22e-01    1.09e-01      5.17e-04    1.57e-03      7.31e-02    6.47e-02    1.8e-06
  56200      1.15e-01    1.09e-01      4.56e-04    5.28e-04      6.92e-02    6.55e-02    1.8e-06
  56300      1.22e-01    1.12e-01      4.77e-04    6.12e-04      7.29e-02    6.72e-02    1.8e-06
  56400      1.24e-01    1.19e-01      1.16e-03    1.99e-03      7.40e-02    7.04e-02    1.8e-06
  56500      1.32e-01    1.20e-01      1.60e-03    1.24e-03      7.87e-02    7.17e-02    1.8e-06
  56600      1.08e-01    1.20e-01      8.39e-04    6.40e-04      6.46e-02    7.21e-02    1.8e-06
  56700      1.28e-01    1.46e-01      1.02e-03    4.19e-04      7.66e-02    8.77e-02    1.8e-06
  56800      1.20e-01    1.04e-01      9.40e-04    8.82e-05      7.15e-02    6.24e-02    1.8e-06
  56900      1.20e-01    1.14e-01      2.07e-03    2.32e-03      7.09e-02    6.71e-02    1.8e-06
  57000      1.17e-01    1.06e-01      7.65e-04    9.91e-05      7.01e-02    6.38e-02    1.8e-06
  57100      1.25e-01    1.20e-01      9.36e-04    8.41e-04      7.51e-02    7.17e-02    1.8e-06
  57200      1.28e-01    1.15e-01      1.64e-03    1.10e-04      7.62e-02    6.89e-02    1.8e-06
  57300      1.22e-01    1.16e-01      7.84e-04    1.94e-04      7.28e-02    6.97e-02    1.8e-06
  57400      1.15e-01    1.18e-01      1.44e-03    2.30e-04      6.82e-02    7.06e-02    1.8e-06
  57500      1.31e-01    1.26e-01      2.14e-03    1.21e-04      7.72e-02    7.57e-02    1.8e-06
  57600      1.21e-01    1.32e-01      1.13e-03    7.76e-04      7.21e-02    7.91e-02    1.8e-06
  57700      1.15e-01    1.27e-01      3.76e-04    7.32e-04      6.90e-02    7.64e-02    1.8e-06
  57800      1.28e-01    1.08e-01      9.41e-04    1.35e-04      7.68e-02    6.51e-02    1.8e-06
  57900      1.19e-01    1.24e-01      1.44e-03    2.27e-03      7.08e-02    7.35e-02    1.8e-06
  58000      1.19e-01    1.14e-01      5.30e-04    6.98e-04      7.15e-02    6.80e-02    1.8e-06
  58100      1.16e-01    1.28e-01      1.37e-03    1.92e-03      6.92e-02    7.61e-02    1.8e-06
  58200      1.15e-01    1.31e-01      8.44e-04    2.83e-04      6.85e-02    7.88e-02    1.8e-06
  58300      1.16e-01    1.16e-01      6.58e-04    3.42e-04      6.96e-02    6.94e-02    1.8e-06
  58400      1.25e-01    1.21e-01      1.46e-03    4.32e-04      7.42e-02    7.26e-02    1.8e-06
  58500      1.18e-01    1.19e-01      7.35e-04    7.50e-04      7.08e-02    7.12e-02    1.8e-06
  58600      1.16e-01    1.23e-01      9.39e-04    8.58e-04      6.91e-02    7.38e-02    1.8e-06
  58700      1.25e-01    1.05e-01      5.31e-04    7.58e-04      7.47e-02    6.28e-02    1.8e-06
  58800      1.21e-01    1.18e-01      1.27e-03    9.08e-04      7.16e-02    7.04e-02    1.8e-06
  58900      1.23e-01    1.10e-01      2.02e-03    1.58e-03      7.23e-02    6.56e-02    1.8e-06
  59000      1.13e-01    1.19e-01      1.48e-03    1.03e-03      6.71e-02    7.09e-02    1.8e-06
  59100      1.20e-01    1.09e-01      1.16e-03    7.60e-04      7.14e-02    6.52e-02    1.8e-06
  59200      1.27e-01    1.33e-01      1.25e-03    2.21e-03      7.58e-02    7.87e-02    1.8e-06
  59300      1.18e-01    1.19e-01      8.25e-04    4.70e-04      7.04e-02    7.16e-02    1.8e-06
  59400      1.22e-01    1.17e-01      1.30e-03    1.25e-05      7.30e-02    7.02e-02    1.8e-06
  59500      1.22e-01    1.35e-01      1.68e-03    3.11e-04      7.24e-02    8.11e-02    1.8e-06
  59600      1.23e-01    1.21e-01      3.65e-04    1.77e-03      7.38e-02    7.17e-02    1.8e-06
  59700      1.26e-01    1.05e-01      9.35e-04    1.48e-03      7.55e-02    6.27e-02    1.8e-06
  59800      1.22e-01    1.22e-01      2.11e-03    6.21e-04      7.21e-02    7.33e-02    1.8e-06
  59900      1.29e-01    1.08e-01      3.13e-03    2.97e-03      7.51e-02    6.24e-02    1.8e-06
  60000      1.00e-01    1.08e-01      6.51e-04    1.14e-03      7.09e-02    7.62e-02    1.0e-06
  60100      1.06e-01    1.02e-01      1.52e-03    7.80e-04      7.39e-02    7.20e-02    1.0e-06
  60200      9.86e-02    1.03e-01      1.56e-03    1.64e-03      6.88e-02    7.19e-02    1.0e-06
  60300      1.08e-01    1.09e-01      1.09e-03    1.01e-03      7.61e-02    7.68e-02    1.0e-06
  60400      1.11e-01    1.02e-01      1.73e-03    4.91e-06      7.75e-02    7.19e-02    1.0e-06
  60500      1.16e-01    9.43e-02      1.98e-03    3.28e-04      8.06e-02    6.67e-02    1.0e-06
  60600      1.18e-01    9.80e-02      1.52e-03    1.51e-04      8.25e-02    6.93e-02    1.0e-06
  60700      1.15e-01    9.31e-02      1.91e-03    4.11e-04      8.04e-02    6.58e-02    1.0e-06
  60800      1.09e-01    9.56e-02      1.81e-03    8.99e-05      7.61e-02    6.76e-02    1.0e-06
  60900      1.03e-01    1.04e-01      1.87e-03    7.29e-04      7.19e-02    7.37e-02    1.0e-06
  61000      9.63e-02    1.08e-01      8.80e-04    1.46e-03      6.78e-02    7.60e-02    1.0e-06
  61100      9.22e-02    9.69e-02      6.34e-04    3.95e-04      6.51e-02    6.84e-02    1.0e-06
  61200      9.93e-02    1.09e-01      3.10e-04    7.60e-04      7.02e-02    7.72e-02    1.0e-06
  61300      9.89e-02    1.05e-01      4.70e-04    9.96e-04      6.98e-02    7.39e-02    1.0e-06
  61400      1.04e-01    1.21e-01      7.51e-04    1.32e-03      7.32e-02    8.49e-02    1.0e-06
  61500      8.71e-02    8.59e-02      8.90e-04    4.92e-05      6.12e-02    6.07e-02    1.0e-06
  61600      1.08e-01    8.79e-02      3.25e-04    4.84e-05      7.67e-02    6.22e-02    1.0e-06
  61700      9.27e-02    1.01e-01      7.94e-04    1.33e-03      6.53e-02    7.11e-02    1.0e-06
  61800      1.09e-01    9.00e-02      3.01e-04    6.15e-04      7.67e-02    6.35e-02    1.0e-06
  61900      1.04e-01    9.20e-02      5.67e-04    8.02e-04      7.31e-02    6.49e-02    1.0e-06
  62000      9.18e-02    9.80e-02      1.02e-03    7.23e-04      6.45e-02    6.91e-02    1.0e-06
  62100      9.91e-02    9.95e-02      7.38e-04    6.87e-04      6.98e-02    7.02e-02    1.0e-06
  62200      1.03e-01    1.01e-01      7.21e-04    1.14e-03      7.26e-02    7.09e-02    1.0e-06
  62300      1.10e-01    1.10e-01      9.08e-04    9.46e-04      7.79e-02    7.77e-02    1.0e-06
  62400      1.15e-01    9.65e-02      2.82e-04    1.06e-03      8.14e-02    6.79e-02    1.0e-06
  62500      1.13e-01    8.58e-02      9.62e-04    1.35e-05      7.98e-02    6.07e-02    1.0e-06
  62600      1.10e-01    1.03e-01      1.72e-03    2.75e-05      7.65e-02    7.26e-02    1.0e-06
  62700      1.12e-01    1.06e-01      6.36e-04    1.41e-04      7.89e-02    7.51e-02    1.0e-06
  62800      9.76e-02    9.55e-02      8.35e-04    2.09e-04      6.87e-02    6.75e-02    1.0e-06
  62900      1.13e-01    9.93e-02      1.51e-03    2.88e-03      7.91e-02    6.74e-02    1.0e-06
  63000      9.07e-02    1.10e-01      1.67e-03    1.53e-03      6.31e-02    7.69e-02    1.0e-06
  63100      1.07e-01    1.02e-01      2.68e-04    2.67e-04      7.53e-02    7.24e-02    1.0e-06
  63200      1.03e-01    9.45e-02      6.99e-04    3.75e-04      7.28e-02    6.68e-02    1.0e-06
  63300      1.09e-01    1.11e-01      9.58e-04    1.44e-03      7.68e-02    7.78e-02    1.0e-06
  63400      1.04e-01    1.03e-01      2.79e-04    1.15e-03      7.37e-02    7.25e-02    1.0e-06
  63500      1.03e-01    1.04e-01      1.63e-04    5.72e-04      7.26e-02    7.35e-02    1.0e-06
  63600      1.02e-01    9.74e-02      6.38e-04    3.52e-04      7.22e-02    6.88e-02    1.0e-06
  63700      1.13e-01    1.00e-01      2.68e-04    1.56e-03      8.01e-02    7.02e-02    1.0e-06
  63800      1.10e-01    9.60e-02      1.17e-03    1.19e-03      7.74e-02    6.74e-02    1.0e-06
  63900      1.17e-01    1.19e-01      3.94e-03    1.71e-03      7.75e-02    8.35e-02    1.0e-06
  64000      1.05e-01    8.84e-02      4.12e-04    7.52e-04      7.39e-02    6.23e-02    1.0e-06
  64100      1.09e-01    1.08e-01      3.71e-04    4.46e-05      7.71e-02    7.64e-02    1.0e-06
  64200      9.68e-02    1.20e-01      9.06e-04    5.77e-04      6.81e-02    8.45e-02    1.0e-06
  64300      1.11e-01    9.46e-02      4.75e-04    2.09e-04      7.86e-02    6.69e-02    1.0e-06
  64400      1.09e-01    1.01e-01      1.14e-03    1.29e-04      7.65e-02    7.14e-02    1.0e-06
  64500      9.59e-02    1.09e-01      1.13e-03    1.44e-03      6.73e-02    7.65e-02    1.0e-06
  64600      1.08e-01    9.48e-02      9.83e-04    1.36e-03      7.62e-02    6.64e-02    1.0e-06
  64700      1.11e-01    9.82e-02      8.30e-04    2.59e-04      7.85e-02    6.94e-02    1.0e-06
  64800      1.06e-01    9.68e-02      4.65e-04    1.90e-03      7.46e-02    6.72e-02    1.0e-06
  64900      1.03e-01    1.18e-01      6.89e-04    2.26e-04      7.29e-02    8.36e-02    1.0e-06
  65000      9.54e-02    1.03e-01      4.32e-04    3.22e-04      7.63e-02    8.26e-02    5.6e-07
  65100      9.09e-02    9.02e-02      2.06e-04    9.63e-04      7.27e-02    7.18e-02    5.6e-07
  65200      7.97e-02    7.63e-02      1.37e-03    1.22e-03      6.27e-02    6.03e-02    5.6e-07
  65300      9.63e-02    9.59e-02      7.85e-04    7.39e-04      7.68e-02    7.66e-02    5.6e-07
  65400      9.41e-02    8.69e-02      1.24e-03    1.09e-03      7.46e-02    6.90e-02    5.6e-07
  65500      9.67e-02    9.42e-02      6.61e-04    5.17e-04      7.72e-02    7.52e-02    5.6e-07
  65600      9.45e-02    8.97e-02      1.48e-03    1.79e-03      7.46e-02    7.04e-02    5.6e-07
  65700      1.01e-01    8.67e-02      7.66e-04    4.89e-04      8.08e-02    6.93e-02    5.6e-07
  65800      9.08e-02    9.30e-02      3.09e-04    4.01e-04      7.26e-02    7.43e-02    5.6e-07
  65900      9.64e-02    9.47e-02      4.75e-04    3.16e-04      7.70e-02    7.57e-02    5.6e-07
  66000      8.77e-02    7.98e-02      8.25e-04    8.53e-04      6.96e-02    6.35e-02    5.6e-07
  66100      1.09e-01    9.55e-02      1.37e-03    2.61e-03      8.63e-02    7.36e-02    5.6e-07
  66200      8.80e-02    8.31e-02      1.44e-04    7.29e-04      7.04e-02    6.62e-02    5.6e-07
  66300      9.20e-02    8.71e-02      1.58e-03    4.55e-04      7.25e-02    6.96e-02    5.6e-07
  66400      9.41e-02    8.53e-02      1.43e-04    1.03e-03      7.53e-02    6.78e-02    5.6e-07
  66500      9.21e-02    8.74e-02      2.99e-04    1.80e-03      7.37e-02    6.85e-02    5.6e-07
  66600      8.97e-02    8.33e-02      7.80e-04    6.18e-04      7.13e-02    6.65e-02    5.6e-07
  66700      9.08e-02    7.95e-02      1.05e-03    4.80e-04      7.18e-02    6.35e-02    5.6e-07
  66800      8.94e-02    7.70e-02      8.99e-04    7.74e-04      7.12e-02    6.13e-02    5.6e-07
  66900      8.96e-02    8.33e-02      1.20e-03    1.12e-04      7.08e-02    6.66e-02    5.6e-07
  67000      1.01e-01    9.24e-02      5.78e-04    2.07e-03      8.06e-02    7.21e-02    5.6e-07
  67100      8.73e-02    9.71e-02      3.86e-04    1.43e-03      6.98e-02    7.69e-02    5.6e-07
  67200      9.58e-02    9.78e-02      1.07e-03    1.64e-03      7.57e-02    7.72e-02    5.6e-07
  67300      8.69e-02    8.72e-02      6.35e-04    7.52e-04      6.93e-02    6.95e-02    5.6e-07
  67400      8.37e-02    8.86e-02      1.16e-03    2.89e-04      6.63e-02    7.08e-02    5.6e-07
  67500      8.34e-02    8.18e-02      7.11e-04    1.49e-03      6.64e-02    6.44e-02    5.6e-07
  67600      9.99e-02    9.67e-02      4.45e-04    1.07e-04      7.98e-02    7.74e-02    5.6e-07
  67700      8.42e-02    8.55e-02      6.05e-04    7.84e-04      6.72e-02    6.82e-02    5.6e-07
  67800      9.01e-02    7.48e-02      2.48e-04    3.05e-04      7.20e-02    5.98e-02    5.6e-07
  67900      9.42e-02    8.65e-02      5.13e-04    1.09e-05      7.52e-02    6.92e-02    5.6e-07
  68000      1.03e-01    7.86e-02      5.25e-04    6.96e-04      8.26e-02    6.27e-02    5.6e-07
  68100      9.48e-02    8.88e-02      8.67e-04    5.34e-04      7.52e-02    7.09e-02    5.6e-07
  68200      9.38e-02    8.42e-02      6.64e-04    6.98e-05      7.48e-02    6.73e-02    5.6e-07
  68300      9.11e-02    8.47e-02      6.95e-04    3.73e-04      7.25e-02    6.77e-02    5.6e-07
  68400      9.25e-02    9.20e-02      6.00e-04    7.76e-04      7.38e-02    7.34e-02    5.6e-07
  68500      1.00e-01    1.06e-01      1.02e-03    2.76e-04      7.98e-02    8.48e-02    5.6e-07
  68600      1.00e-01    1.02e-01      4.71e-04    1.89e-03      8.01e-02    8.07e-02    5.6e-07
  68700      9.84e-02    7.48e-02      7.38e-04    4.09e-04      7.84e-02    5.98e-02    5.6e-07
  68800      8.99e-02    9.06e-02      4.88e-04    1.61e-03      7.18e-02    7.13e-02    5.6e-07
  68900      8.92e-02    8.60e-02      6.17e-04    1.06e-03      7.12e-02    6.83e-02    5.6e-07
  69000      9.75e-02    7.95e-02      5.05e-04    7.96e-04      7.79e-02    6.33e-02    5.6e-07
  69100      9.25e-02    7.83e-02      3.74e-04    5.24e-04      7.39e-02    6.25e-02    5.6e-07
  69200      9.36e-02    8.26e-02      3.91e-04    1.07e-03      7.47e-02    6.56e-02    5.6e-07
  69300      9.07e-02    8.55e-02      1.04e-03    1.45e-03      7.21e-02    6.74e-02    5.6e-07
  69400      8.45e-02    9.89e-02      6.23e-04    1.16e-03      6.74e-02    7.86e-02    5.6e-07
  69500      9.54e-02    7.80e-02      4.88e-04    4.90e-04      7.62e-02    6.23e-02    5.6e-07
  69600      8.80e-02    9.80e-02      4.95e-04    2.39e-04      7.03e-02    7.84e-02    5.6e-07
  69700      8.80e-02    7.43e-02      9.82e-04    9.02e-04      6.97e-02    5.90e-02    5.6e-07
  69800      9.60e-02    8.63e-02      1.58e-04    2.45e-04      7.68e-02    6.91e-02    5.6e-07
  69900      9.54e-02    8.31e-02      8.03e-04    1.06e-03      7.60e-02    6.60e-02    5.6e-07
  70000      8.57e-02    6.69e-02      2.80e-04    8.83e-05      7.47e-02    5.83e-02    3.2e-07
  70100      8.32e-02    7.69e-02      3.47e-04    3.24e-04      7.25e-02    6.70e-02    3.2e-07
  70200      7.66e-02    8.44e-02      4.03e-04    6.69e-04      6.66e-02    7.33e-02    3.2e-07
  70300      7.83e-02    8.20e-02      1.62e-03    1.94e-03      6.65e-02    6.95e-02    3.2e-07
  70400      8.09e-02    7.84e-02      6.03e-04    9.02e-04      7.03e-02    6.79e-02    3.2e-07
  70500      8.28e-02    7.00e-02      3.51e-04    8.96e-04      7.21e-02    6.06e-02    3.2e-07
  70600      7.22e-02    8.91e-02      8.45e-04    9.94e-04      6.23e-02    7.72e-02    3.2e-07
  70700      7.87e-02    8.35e-02      6.71e-04    3.12e-04      6.83e-02    7.27e-02    3.2e-07
  70800      7.91e-02    8.23e-02      3.60e-04    1.32e-03      6.88e-02    7.09e-02    3.2e-07
  70900      7.28e-02    8.41e-02      8.09e-04    6.53e-05      6.29e-02    7.33e-02    3.2e-07
  71000      7.58e-02    8.56e-02      3.93e-04    1.62e-04      6.60e-02    7.46e-02    3.2e-07
  71100      8.50e-02    7.83e-02      1.62e-03    1.19e-03      7.26e-02    6.75e-02    3.2e-07
  71200      7.36e-02    8.80e-02      1.53e-03    4.11e-04      6.27e-02    7.66e-02    3.2e-07
  71300      7.62e-02    8.84e-02      9.09e-04    1.42e-04      6.59e-02    7.71e-02    3.2e-07
  71400      8.43e-02    8.62e-02      3.87e-04    7.68e-04      7.34e-02    7.49e-02    3.2e-07
  71500      8.03e-02    7.78e-02      1.52e-04    1.51e-03      7.00e-02    6.66e-02    3.2e-07
  71600      8.08e-02    7.03e-02      1.28e-03    3.22e-04      6.95e-02    6.13e-02    3.2e-07
  71700      8.22e-02    8.26e-02      6.04e-04    1.09e-03      7.15e-02    7.14e-02    3.2e-07
  71800      8.14e-02    9.62e-02      6.65e-04    1.62e-03      7.05e-02    8.27e-02    3.2e-07
  71900      8.13e-02    7.51e-02      3.07e-04    1.57e-04      7.08e-02    6.54e-02    3.2e-07
  72000      8.20e-02    9.24e-02      1.13e-03    1.29e-03      7.02e-02    7.98e-02    3.2e-07
  72100      8.21e-02    8.97e-02      7.03e-04    2.25e-03      7.13e-02    7.58e-02    3.2e-07
  72200      8.09e-02    8.30e-02      1.89e-04    3.34e-04      7.05e-02    7.23e-02    3.2e-07
  72300      7.93e-02    9.27e-02      7.01e-04    1.04e-04      6.89e-02    8.08e-02    3.2e-07
  72400      7.87e-02    7.28e-02      6.82e-05    1.06e-03      6.86e-02    6.28e-02    3.2e-07
  72500      7.88e-02    8.30e-02      6.45e-04    4.81e-04      6.84e-02    7.22e-02    3.2e-07
  72600      8.10e-02    8.47e-02      4.16e-04    1.13e-03      7.05e-02    7.32e-02    3.2e-07
  72700      8.75e-02    7.07e-02      1.03e-03    6.75e-04      7.53e-02    6.14e-02    3.2e-07
  72800      8.56e-02    9.12e-02      5.88e-04    1.30e-03      7.44e-02    7.87e-02    3.2e-07
  72900      8.76e-02    8.58e-02      8.61e-04    3.17e-04      7.58e-02    7.47e-02    3.2e-07
  73000      7.98e-02    8.77e-02      6.52e-04    7.64e-04      6.92e-02    7.62e-02    3.2e-07
  73100      8.23e-02    7.99e-02      5.55e-04    2.95e-04      7.15e-02    6.96e-02    3.2e-07
  73200      7.86e-02    8.58e-02      1.56e-03    1.05e-04      6.72e-02    7.47e-02    3.2e-07
  73300      7.93e-02    8.92e-02      8.42e-04    7.39e-04      6.85e-02    7.75e-02    3.2e-07
  73400      8.34e-02    8.13e-02      8.39e-04    3.97e-04      7.23e-02    7.08e-02    3.2e-07
  73500      7.93e-02    7.22e-02      3.82e-04    5.68e-04      6.91e-02    6.28e-02    3.2e-07
  73600      7.95e-02    7.75e-02      8.69e-04    1.08e-03      6.85e-02    6.69e-02    3.2e-07
  73700      7.57e-02    8.13e-02      4.03e-04    1.65e-05      6.58e-02    7.09e-02    3.2e-07
  73800      8.50e-02    7.27e-02      1.48e-03    1.17e-03      7.27e-02    6.26e-02    3.2e-07
  73900      7.27e-02    7.98e-02      3.25e-04    4.63e-04      6.33e-02    6.94e-02    3.2e-07
  74000      8.15e-02    9.61e-02      3.36e-04    1.24e-04      7.10e-02    8.38e-02    3.2e-07
  74100      7.95e-02    7.74e-02      4.68e-04    7.26e-04      6.91e-02    6.72e-02    3.2e-07
  74200      8.35e-02    6.60e-02      5.16e-04    1.42e-03      7.26e-02    5.63e-02    3.2e-07
  74300      7.66e-02    9.31e-02      6.17e-04    5.30e-04      6.65e-02    8.10e-02    3.2e-07
  74400      7.62e-02    8.06e-02      7.25e-04    3.37e-04      6.60e-02    7.02e-02    3.2e-07
  74500      8.60e-02    7.66e-02      1.16e-03    8.67e-04      7.43e-02    6.64e-02    3.2e-07
  74600      8.52e-02    8.45e-02      3.83e-04    1.62e-04      7.42e-02    7.36e-02    3.2e-07
  74700      6.85e-02    8.06e-02      2.74e-04    2.96e-04      5.96e-02    7.02e-02    3.2e-07
  74800      7.83e-02    8.07e-02      8.02e-04    6.35e-05      6.78e-02    7.03e-02    3.2e-07
  74900      8.06e-02    8.13e-02      1.11e-03    3.06e-04      6.95e-02    7.08e-02    3.2e-07
  75000      7.17e-02    8.03e-02      6.72e-04    2.17e-04      6.55e-02    7.40e-02    1.8e-07
  75100      7.85e-02    7.04e-02      4.69e-04    1.21e-04      7.22e-02    6.49e-02    1.8e-07
  75200      7.43e-02    7.92e-02      4.73e-04    3.21e-05      6.84e-02    7.30e-02    1.8e-07
  75300      7.19e-02    7.79e-02      4.02e-04    1.62e-04      6.62e-02    7.18e-02    1.8e-07
  75400      7.91e-02    8.01e-02      5.63e-04    1.19e-03      7.25e-02    7.30e-02    1.8e-07
  75500      7.55e-02    7.80e-02      7.08e-04    6.87e-04      6.91e-02    7.16e-02    1.8e-07
  75600      7.85e-02    8.06e-02      6.25e-04    1.06e-03      7.20e-02    7.37e-02    1.8e-07
  75700      7.25e-02    7.53e-02      3.84e-04    1.59e-03      6.67e-02    6.78e-02    1.8e-07
  75800      7.65e-02    8.46e-02      4.18e-04    1.65e-03      7.04e-02    7.66e-02    1.8e-07
  75900      7.51e-02    8.95e-02      1.63e-03    2.38e-04      6.75e-02    8.24e-02    1.8e-07
  76000      7.52e-02    7.11e-02      9.71e-04    8.35e-04      6.88e-02    6.51e-02    1.8e-07
  76100      8.79e-02    7.85e-02      1.11e-03    9.37e-04      8.03e-02    7.19e-02    1.8e-07
  76200      8.04e-02    7.66e-02      9.19e-04    3.21e-04      7.36e-02    7.05e-02    1.8e-07
  76300      7.83e-02    7.43e-02      6.01e-04    4.63e-04      7.19e-02    6.83e-02    1.8e-07
  76400      7.39e-02    7.50e-02      4.36e-04    1.05e-03      6.79e-02    6.84e-02    1.8e-07
  76500      7.20e-02    7.32e-02      7.77e-04    1.53e-04      6.60e-02    6.74e-02    1.8e-07
  76600      7.65e-02    6.84e-02      1.09e-03    4.40e-04      6.96e-02    6.29e-02    1.8e-07
  76700      7.51e-02    8.20e-02      8.99e-04    2.45e-04      6.84e-02    7.55e-02    1.8e-07
  76800      7.23e-02    8.42e-02      1.31e-03    8.58e-04      6.56e-02    7.72e-02    1.8e-07
  76900      7.38e-02    6.52e-02      6.68e-04    1.47e-03      6.76e-02    5.86e-02    1.8e-07
  77000      7.91e-02    7.26e-02      8.67e-04    9.05e-05      7.23e-02    6.69e-02    1.8e-07
  77100      7.98e-02    8.06e-02      1.33e-03    3.76e-04      7.24e-02    7.42e-02    1.8e-07
  77200      7.75e-02    7.37e-02      1.04e-03    1.61e-04      7.06e-02    6.79e-02    1.8e-07
  77300      7.76e-02    7.34e-02      1.50e-03    3.03e-04      7.02e-02    6.76e-02    1.8e-07
  77400      7.41e-02    8.19e-02      8.56e-04    1.26e-03      6.76e-02    7.46e-02    1.8e-07
  77500      8.03e-02    7.78e-02      9.04e-04    1.46e-03      7.31e-02    7.05e-02    1.8e-07
  77600      8.02e-02    7.51e-02      1.55e-03    9.58e-04      7.21e-02    6.86e-02    1.8e-07
  77700      7.51e-02    7.76e-02      5.43e-04    8.60e-04      6.90e-02    7.11e-02    1.8e-07
  77800      7.57e-02    8.49e-02      7.45e-04    3.97e-04      6.94e-02    7.81e-02    1.8e-07
  77900      7.47e-02    6.80e-02      6.97e-04    4.63e-04      6.84e-02    6.25e-02    1.8e-07
  78000      7.71e-02    7.59e-02      1.03e-03    4.08e-04      7.03e-02    6.99e-02    1.8e-07
  78100      7.27e-02    8.07e-02      7.45e-04    8.36e-04      6.65e-02    7.40e-02    1.8e-07
  78200      7.69e-02    7.61e-02      1.29e-03    8.81e-04      6.94e-02    6.96e-02    1.8e-07
  78300      8.63e-02    7.50e-02      1.42e-03    1.06e-04      7.84e-02    6.91e-02    1.8e-07
  78400      7.93e-02    8.09e-02      9.10e-04    1.34e-03      7.26e-02    7.35e-02    1.8e-07
  78500      7.60e-02    8.70e-02      9.26e-04    1.64e-03      6.95e-02    7.87e-02    1.8e-07
  78600      8.10e-02    8.02e-02      1.69e-03    1.58e-03      7.26e-02    7.26e-02    1.8e-07
  78700      8.00e-02    8.26e-02      9.92e-04    2.31e-04      7.32e-02    7.61e-02    1.8e-07
  78800      7.70e-02    7.87e-02      1.15e-03    4.75e-04      7.01e-02    7.24e-02    1.8e-07
  78900      7.93e-02    8.58e-02      1.01e-03    4.42e-04      7.25e-02    7.89e-02    1.8e-07
  79000      8.20e-02    7.68e-02      6.23e-04    1.01e-03      7.53e-02    7.02e-02    1.8e-07
  79100      7.46e-02    8.44e-02      8.50e-04    8.34e-04      6.82e-02    7.74e-02    1.8e-07
  79200      7.14e-02    6.97e-02      8.26e-04    1.57e-04      6.54e-02    6.42e-02    1.8e-07
  79300      7.71e-02    8.20e-02      1.22e-03    2.04e-03      7.02e-02    7.33e-02    1.8e-07
  79400      7.98e-02    7.53e-02      1.63e-03    2.13e-05      7.18e-02    6.94e-02    1.8e-07
  79500      7.70e-02    7.24e-02      8.65e-04    3.74e-04      7.02e-02    6.66e-02    1.8e-07
  79600      7.58e-02    7.99e-02      1.20e-03    8.00e-04      6.90e-02    7.33e-02    1.8e-07
  79700      7.64e-02    8.89e-02      6.47e-04    5.09e-06      7.01e-02    8.19e-02    1.8e-07
  79800      7.44e-02    7.35e-02      7.80e-04    5.21e-04      6.81e-02    6.75e-02    1.8e-07
  79900      7.11e-02    7.62e-02      1.00e-03    1.04e-03      6.49e-02    6.96e-02    1.8e-07
  80000      7.19e-02    7.82e-02      3.66e-04    1.67e-03      6.85e-02    7.29e-02    1.0e-07
  80100      8.05e-02    7.19e-02      1.15e-03    8.46e-04      7.59e-02    6.81e-02    1.0e-07
  80200      7.39e-02    7.01e-02      5.02e-04    1.08e-03      7.01e-02    6.61e-02    1.0e-07
  80300      7.44e-02    6.85e-02      5.64e-04    1.07e-03      7.08e-02    6.45e-02    1.0e-07
  80400      7.37e-02    7.31e-02      1.05e-03    8.66e-04      6.96e-02    6.92e-02    1.0e-07
  80500      7.36e-02    7.81e-02      1.18e-03    1.03e-04      6.93e-02    7.45e-02    1.0e-07
  80600      7.26e-02    6.69e-02      6.70e-04    1.01e-03      6.89e-02    6.31e-02    1.0e-07
  80700      7.10e-02    7.88e-02      1.09e-03    1.26e-03      6.69e-02    7.42e-02    1.0e-07
  80800      7.86e-02    8.01e-02      1.11e-03    1.49e-03      7.40e-02    7.50e-02    1.0e-07
  80900      7.24e-02    7.13e-02      1.04e-04    1.17e-04      6.90e-02    6.80e-02    1.0e-07
  81000      6.76e-02    8.33e-02      5.33e-04    3.11e-04      6.42e-02    7.94e-02    1.0e-07
  81100      7.70e-02    7.25e-02      8.76e-04    1.88e-03      7.29e-02    6.69e-02    1.0e-07
  81200      7.31e-02    7.76e-02      2.69e-04    2.56e-04      6.96e-02    7.40e-02    1.0e-07
  81300      7.69e-02    6.62e-02      4.70e-04    4.58e-04      7.32e-02    6.30e-02    1.0e-07
  81400      6.95e-02    8.70e-02      3.30e-04    2.07e-03      6.62e-02    8.06e-02    1.0e-07
  81500      7.29e-02    6.79e-02      4.74e-04    1.06e-04      6.93e-02    6.47e-02    1.0e-07
  81600      7.62e-02    6.47e-02      6.68e-04    1.84e-04      7.22e-02    6.17e-02    1.0e-07
  81700      7.17e-02    7.15e-02      2.96e-04    1.05e-03      6.83e-02    6.75e-02    1.0e-07
  81800      7.33e-02    7.09e-02      3.68e-04    6.72e-04      6.98e-02    6.73e-02    1.0e-07
  81900      7.00e-02    7.89e-02      5.73e-04    3.84e-04      6.64e-02    7.52e-02    1.0e-07
  82000      7.20e-02    7.22e-02      3.68e-04    1.48e-03      6.85e-02    6.74e-02    1.0e-07
  82100      7.03e-02    7.85e-02      2.11e-04    8.76e-04      6.70e-02    7.44e-02    1.0e-07
  82200      7.26e-02    7.24e-02      2.67e-04    2.41e-04      6.92e-02    6.90e-02    1.0e-07
  82300      7.30e-02    8.42e-02      8.63e-04    5.51e-04      6.89e-02    8.01e-02    1.0e-07
  82400      7.35e-02    8.26e-02      4.84e-04    2.35e-05      6.99e-02    7.88e-02    1.0e-07
  82500      7.59e-02    7.76e-02      4.87e-04    4.27e-04      7.22e-02    7.39e-02    1.0e-07
  82600      7.78e-02    6.56e-02      4.44e-04    3.97e-04      7.40e-02    6.24e-02    1.0e-07
  82700      7.28e-02    7.83e-02      3.35e-04    2.39e-03      6.93e-02    7.12e-02    1.0e-07
  82800      7.18e-02    6.83e-02      3.94e-04    1.16e-04      6.83e-02    6.51e-02    1.0e-07
  82900      6.93e-02    7.64e-02      7.19e-04    3.83e-04      6.56e-02    7.28e-02    1.0e-07
  83000      7.42e-02    7.65e-02      4.79e-04    1.40e-03      7.06e-02    7.18e-02    1.0e-07
  83100      7.35e-02    6.72e-02      1.59e-03    1.50e-04      6.83e-02    6.40e-02    1.0e-07
  83200      7.79e-02    7.51e-02      4.79e-04    7.28e-05      7.40e-02    7.16e-02    1.0e-07
  83300      7.10e-02    7.02e-02      6.06e-04    1.07e-04      6.74e-02    6.70e-02    1.0e-07
  83400      7.35e-02    6.74e-02      9.00e-04    6.86e-04      6.94e-02    6.40e-02    1.0e-07
  83500      7.35e-02    6.79e-02      7.51e-04    6.31e-04      6.97e-02    6.45e-02    1.0e-07
  83600      7.46e-02    7.27e-02      1.52e-04    2.15e-04      7.12e-02    6.93e-02    1.0e-07
  83700      6.79e-02    6.55e-02      3.04e-04    4.89e-04      6.47e-02    6.23e-02    1.0e-07
  83800      7.15e-02    6.97e-02      5.30e-04    2.06e-04      6.79e-02    6.64e-02    1.0e-07
  83900      6.98e-02    7.59e-02      5.50e-04    5.61e-05      6.64e-02    7.24e-02    1.0e-07
  84000      7.06e-02    6.92e-02      1.07e-03    6.81e-04      6.65e-02    6.57e-02    1.0e-07
  84100      6.84e-02    7.14e-02      8.92e-04    3.25e-04      6.47e-02    6.80e-02    1.0e-07
  84200      7.46e-02    7.94e-02      1.31e-03    1.12e-03      6.98e-02    7.50e-02    1.0e-07
  84300      7.41e-02    7.07e-02      4.34e-04    1.07e-03      7.05e-02    6.67e-02    1.0e-07
  84400      7.94e-02    7.84e-02      6.38e-04    9.68e-04      7.53e-02    7.42e-02    1.0e-07
  84500      6.67e-02    6.85e-02      1.75e-04    8.47e-04      6.36e-02    6.48e-02    1.0e-07
  84600      7.48e-02    6.90e-02      6.10e-04    6.53e-05      7.11e-02    6.58e-02    1.0e-07
  84700      7.27e-02    6.49e-02      5.48e-04    4.67e-04      6.90e-02    6.18e-02    1.0e-07
  84800      7.30e-02    6.92e-02      3.26e-04    1.06e-03      6.95e-02    6.52e-02    1.0e-07
  84900      7.41e-02    7.03e-02      1.60e-03    4.28e-04      6.88e-02    6.69e-02    1.0e-07
  85000      7.03e-02    7.08e-02      7.25e-04    1.56e-04      6.80e-02    6.89e-02    5.6e-08
  85100      6.79e-02    7.42e-02      7.34e-04    2.61e-04      6.56e-02    7.21e-02    5.6e-08
  85200      6.64e-02    7.98e-02      6.67e-04    3.64e-04      6.42e-02    7.75e-02    5.6e-08
  85300      7.04e-02    7.40e-02      9.38e-04    1.34e-04      6.78e-02    7.20e-02    5.6e-08
  85400      6.85e-02    7.24e-02      4.25e-04    1.12e-03      6.64e-02    6.96e-02    5.6e-08
  85500      7.00e-02    6.68e-02      5.17e-04    6.49e-04      6.79e-02    6.47e-02    5.6e-08
  85600      6.85e-02    7.60e-02      6.33e-04    1.64e-04      6.63e-02    7.39e-02    5.6e-08
  85700      7.16e-02    7.56e-02      1.39e-04    6.46e-04      6.97e-02    7.33e-02    5.6e-08
  85800      7.76e-02    8.71e-02      7.32e-04    2.48e-03      7.52e-02    8.14e-02    5.6e-08
  85900      7.64e-02    8.71e-02      9.25e-04    2.48e-04      7.32e-02    8.47e-02    5.6e-08
  86000      7.96e-02    7.41e-02      1.33e-03    8.39e-04      7.62e-02    7.16e-02    5.6e-08
  86100      7.41e-02    6.49e-02      8.39e-04    1.86e-05      7.13e-02    6.32e-02    5.6e-08
  86200      7.40e-02    7.06e-02      6.81e-04    3.62e-04      7.17e-02    6.86e-02    5.6e-08
  86300      7.45e-02    7.89e-02      1.36e-03    4.25e-04      7.13e-02    7.67e-02    5.6e-08
  86400      7.46e-02    7.52e-02      8.93e-04    1.20e-03      7.19e-02    7.23e-02    5.6e-08
  86500      7.47e-02    6.99e-02      1.24e-03    4.31e-04      7.17e-02    6.79e-02    5.6e-08
  86600      7.11e-02    6.75e-02      8.11e-04    1.45e-03      6.87e-02    6.42e-02    5.6e-08
  86700      7.14e-02    7.76e-02      1.12e-03    1.54e-03      6.85e-02    7.40e-02    5.6e-08
  86800      7.13e-02    7.88e-02      5.80e-04    1.97e-04      6.90e-02    7.67e-02    5.6e-08
  86900      7.45e-02    7.58e-02      9.97e-04    3.70e-04      7.17e-02    7.37e-02    5.6e-08
  87000      7.27e-02    6.60e-02      9.81e-04    1.20e-03      7.00e-02    6.32e-02    5.6e-08
  87100      7.02e-02    6.87e-02      6.49e-04    1.35e-04      6.80e-02    6.68e-02    5.6e-08
  87200      7.25e-02    6.83e-02      8.72e-04    4.73e-04      7.01e-02    6.63e-02    5.6e-08
  87300      7.32e-02    7.15e-02      1.14e-03    1.21e-03      7.02e-02    6.86e-02    5.6e-08
  87400      7.45e-02    6.91e-02      1.13e-03    2.83e-04      7.17e-02    6.72e-02    5.6e-08
  87500      6.86e-02    7.59e-02      6.72e-04    1.14e-04      6.64e-02    7.39e-02    5.6e-08
  87600      7.73e-02    7.03e-02      1.15e-03    1.36e-03      7.42e-02    6.71e-02    5.6e-08
  87700      6.92e-02    7.20e-02      6.02e-04    4.64e-04      6.70e-02    6.99e-02    5.6e-08
  87800      7.45e-02    6.51e-02      7.23e-04    1.02e-03      7.18e-02    6.26e-02    5.6e-08
  87900      7.51e-02    7.48e-02      5.67e-04    5.53e-04      7.28e-02    7.26e-02    5.6e-08
  88000      7.23e-02    7.85e-02      4.55e-04    1.07e-03      7.01e-02    7.57e-02    5.6e-08
  88100      7.93e-02    7.83e-02      1.70e-03    1.10e-03      7.54e-02    7.55e-02    5.6e-08
  88200      7.30e-02    6.49e-02      9.83e-04    1.07e-03      7.02e-02    6.23e-02    5.6e-08
  88300      7.26e-02    6.88e-02      8.04e-04    9.56e-04      7.01e-02    6.64e-02    5.6e-08
  88400      7.40e-02    7.26e-02      9.07e-04    7.79e-04      7.13e-02    7.02e-02    5.6e-08
  88500      7.63e-02    8.02e-02      6.96e-04    5.99e-04      7.37e-02    7.78e-02    5.6e-08
  88600      7.27e-02    7.02e-02      8.47e-04    3.08e-04      6.98e-02    6.83e-02    5.6e-08
  88700      7.08e-02    8.96e-02      8.94e-04    1.89e-04      6.80e-02    8.71e-02    5.6e-08
  88800      7.05e-02    7.10e-02      1.16e-03    5.29e-04      6.77e-02    6.89e-02    5.6e-08
  88900      7.91e-02    7.37e-02      1.08e-03    6.54e-04      7.59e-02    7.14e-02    5.6e-08
  89000      7.33e-02    7.08e-02      7.82e-04    1.11e-04      7.09e-02    6.89e-02    5.6e-08
  89100      6.97e-02    7.37e-02      7.34e-04    1.23e-03      6.74e-02    7.08e-02    5.6e-08
  89200      7.22e-02    6.69e-02      8.12e-04    1.04e-03      6.97e-02    6.44e-02    5.6e-08
  89300      7.61e-02    7.13e-02      5.41e-04    4.07e-04      7.38e-02    6.93e-02    5.6e-08
  89400      7.07e-02    7.14e-02      9.18e-04    1.24e-03      6.81e-02    6.85e-02    5.6e-08
  89500      7.28e-02    7.19e-02      4.98e-04    5.99e-05      7.06e-02    6.99e-02    5.6e-08
  89600      7.33e-02    6.56e-02      1.47e-03    3.25e-04      6.98e-02    6.38e-02    5.6e-08
  89700      7.63e-02    8.02e-02      8.58e-04    9.45e-04      7.38e-02    7.75e-02    5.6e-08
  89800      8.21e-02    6.87e-02      1.08e-03    4.31e-04      7.91e-02    6.67e-02    5.6e-08
  89900      8.38e-02    7.63e-02      1.06e-03    4.96e-04      8.06e-02    7.41e-02    5.6e-08
  90000      7.32e-02    7.57e-02      7.51e-04    1.52e-03      7.16e-02    7.30e-02    3.2e-08
  90100      8.13e-02    6.23e-02      1.05e-03    1.05e-03      7.93e-02    6.05e-02    3.2e-08
  90200      8.12e-02    7.08e-02      1.26e-03    5.12e-05      7.90e-02    6.97e-02    3.2e-08
  90300      8.01e-02    7.65e-02      8.95e-04    3.20e-05      7.83e-02    7.53e-02    3.2e-08
  90400      7.58e-02    8.66e-02      6.43e-04    4.57e-04      7.44e-02    8.52e-02    3.2e-08
  90500      7.39e-02    8.86e-02      1.45e-03    4.19e-05      7.10e-02    8.73e-02    3.2e-08
  90600      7.59e-02    7.63e-02      1.47e-03    7.85e-04      7.33e-02    7.47e-02    3.2e-08
  90700      7.38e-02    6.26e-02      9.00e-04    5.48e-05      7.21e-02    6.16e-02    3.2e-08
  90800      7.78e-02    6.95e-02      1.87e-03    1.10e-03      7.42e-02    6.76e-02    3.2e-08
  90900      8.16e-02    6.71e-02      2.21e-03    9.62e-04      7.74e-02    6.54e-02    3.2e-08
  91000      8.50e-02    6.91e-02      1.76e-03    1.32e-03      8.18e-02    6.68e-02    3.2e-08
  91100      8.55e-02    8.01e-02      2.41e-03    5.08e-04      8.09e-02    7.87e-02    3.2e-08
  91200      8.40e-02    7.31e-02      2.24e-03    4.40e-04      7.96e-02    7.18e-02    3.2e-08
  91300      7.08e-02    6.34e-02      9.81e-04    1.66e-03      6.89e-02    6.03e-02    3.2e-08
  91400      7.21e-02    8.09e-02      7.70e-04    5.88e-04      7.05e-02    7.94e-02    3.2e-08
  91500      7.82e-02    7.31e-02      7.16e-04    1.14e-04      7.66e-02    7.19e-02    3.2e-08
  91600      7.63e-02    6.42e-02      5.37e-04    8.60e-04      7.48e-02    6.26e-02    3.2e-08
  91700      7.44e-02    6.83e-02      6.07e-04    1.03e-03      7.29e-02    6.65e-02    3.2e-08
  91800      6.34e-02    7.05e-02      1.08e-03    4.49e-04      6.15e-02    6.93e-02    3.2e-08
  91900      8.54e-02    7.50e-02      4.99e-04    2.91e-05      8.39e-02    7.39e-02    3.2e-08
  92000      7.98e-02    6.82e-02      8.11e-04    1.04e-04      7.80e-02    6.72e-02    3.2e-08
  92100      8.20e-02    6.77e-02      8.06e-04    1.00e-03      8.03e-02    6.60e-02    3.2e-08
  92200      8.30e-02    7.95e-02      3.58e-04    2.35e-03      8.17e-02    7.49e-02    3.2e-08
  92300      7.93e-02    7.95e-02      1.40e-04    1.73e-05      7.81e-02    7.83e-02    3.2e-08
  92400      7.62e-02    7.79e-02      5.74e-04    3.05e-05      7.47e-02    7.67e-02    3.2e-08
  92500      7.51e-02    6.81e-02      6.89e-04    4.93e-04      7.37e-02    6.69e-02    3.2e-08
  92600      7.20e-02    6.20e-02      3.20e-04    4.49e-04      7.08e-02    6.09e-02    3.2e-08
  92700      7.51e-02    7.12e-02      7.79e-04    8.38e-04      7.34e-02    6.96e-02    3.2e-08
  92800      7.94e-02    6.66e-02      7.39e-04    5.40e-04      7.78e-02    6.53e-02    3.2e-08
  92900      7.51e-02    6.75e-02      9.17e-04    3.61e-04      7.33e-02    6.63e-02    3.2e-08
  93000      7.79e-02    7.17e-02      6.68e-04    3.62e-04      7.64e-02    7.05e-02    3.2e-08
  93100      7.37e-02    7.79e-02      6.40e-04    8.17e-04      7.22e-02    7.63e-02    3.2e-08
  93200      7.82e-02    6.52e-02      1.95e-04    1.27e-03      7.69e-02    6.30e-02    3.2e-08
  93300      7.64e-02    8.78e-02      3.88e-04    1.52e-03      7.51e-02    8.52e-02    3.2e-08
  93400      6.67e-02    7.29e-02      7.64e-04    1.97e-04      6.52e-02    7.17e-02    3.2e-08
  93500      6.70e-02    7.40e-02      3.89e-04    7.71e-04      6.58e-02    7.24e-02    3.2e-08
  93600      6.80e-02    6.94e-02      4.38e-04    1.22e-03      6.68e-02    6.73e-02    3.2e-08
  93700      7.18e-02    7.95e-02      9.15e-04    2.41e-03      6.99e-02    7.47e-02    3.2e-08
  93800      7.77e-02    6.70e-02      6.89e-04    7.95e-04      7.59e-02    6.56e-02    3.2e-08
  93900      7.19e-02    6.37e-02      7.28e-04    4.41e-04      7.03e-02    6.26e-02    3.2e-08
  94000      7.47e-02    7.10e-02      9.25e-04    1.43e-03      7.29e-02    6.85e-02    3.2e-08
  94100      7.04e-02    5.77e-02      8.58e-04    2.53e-04      6.86e-02    5.68e-02    3.2e-08
  94200      7.60e-02    6.52e-02      7.50e-04    1.24e-03      7.43e-02    6.31e-02    3.2e-08
  94300      7.67e-02    5.89e-02      1.11e-03    1.44e-03      7.45e-02    5.63e-02    3.2e-08
  94400      7.41e-02    7.50e-02      2.61e-04    1.84e-03      7.29e-02    7.17e-02    3.2e-08
  94500      7.37e-02    7.68e-02      4.01e-04    8.34e-04      7.24e-02    7.52e-02    3.2e-08
  94600      7.74e-02    7.52e-02      3.88e-04    1.33e-03      7.61e-02    7.30e-02    3.2e-08
  94700      7.56e-02    8.03e-02      4.51e-04    9.98e-04      7.43e-02    7.85e-02    3.2e-08
  94800      7.24e-02    7.68e-02      5.65e-04    1.97e-03      7.09e-02    7.32e-02    3.2e-08
  94900      6.69e-02    7.36e-02      6.02e-04    1.07e-03      6.55e-02    7.17e-02    3.2e-08
  95000      7.52e-02    8.56e-02      8.08e-04    7.19e-05      7.40e-02    8.49e-02    1.8e-08
  95100      7.46e-02    8.64e-02      9.72e-04    2.86e-04      7.30e-02    8.56e-02    1.8e-08
  95200      7.05e-02    6.76e-02      7.26e-04    3.94e-04      6.91e-02    6.69e-02    1.8e-08
  95300      8.02e-02    6.45e-02      9.65e-04    6.69e-05      7.87e-02    6.39e-02    1.8e-08
  95400      8.15e-02    7.46e-02      3.24e-04    1.11e-03      8.08e-02    7.32e-02    1.8e-08
  95500      7.71e-02    6.90e-02      3.83e-04    1.25e-03      7.63e-02    6.73e-02    1.8e-08
  95600      7.71e-02    7.25e-02      4.95e-04    4.92e-04      7.62e-02    7.17e-02    1.8e-08
  95700      7.53e-02    7.37e-02      8.61e-04    2.90e-05      7.41e-02    7.30e-02    1.8e-08
  95800      7.70e-02    8.08e-02      6.32e-04    1.78e-03      7.61e-02    7.82e-02    1.8e-08
  95900      6.82e-02    6.93e-02      4.57e-04    6.19e-04      6.74e-02    6.85e-02    1.8e-08
  96000      7.20e-02    7.60e-02      4.12e-04    1.92e-03      7.12e-02    7.30e-02    1.8e-08
  96100      7.27e-02    6.09e-02      7.87e-04    1.19e-03      7.16e-02    5.92e-02    1.8e-08
  96200      6.86e-02    7.02e-02      3.69e-04    1.27e-03      6.78e-02    6.85e-02    1.8e-08
  96300      7.98e-02    7.47e-02      5.71e-04    6.14e-04      7.89e-02    7.38e-02    1.8e-08
  96400      7.35e-02    7.36e-02      5.37e-04    1.01e-03      7.26e-02    7.23e-02    1.8e-08
  96500      8.19e-02    6.31e-02      2.89e-04    5.02e-04      8.12e-02    6.23e-02    1.8e-08
  96600      6.83e-02    6.83e-02      1.16e-04    1.18e-03      6.77e-02    6.67e-02    1.8e-08
  96700      7.56e-02    7.30e-02      2.18e-04    7.02e-04      7.49e-02    7.20e-02    1.8e-08
  96800      8.25e-02    8.59e-02      5.00e-04    4.18e-04      8.15e-02    8.51e-02    1.8e-08
  96900      7.27e-02    7.13e-02      1.17e-03    8.92e-04      7.09e-02    7.02e-02    1.8e-08
  97000      7.83e-02    7.18e-02      2.92e-04    7.23e-04      7.76e-02    7.08e-02    1.8e-08
  97100      7.22e-02    7.81e-02      3.36e-04    3.86e-05      7.14e-02    7.74e-02    1.8e-08
  97200      6.92e-02    6.89e-02      7.50e-04    6.96e-04      6.82e-02    6.80e-02    1.8e-08
  97300      7.48e-02    6.83e-02      9.02e-04    4.12e-04      7.34e-02    6.76e-02    1.8e-08
  97400      7.58e-02    6.99e-02      4.11e-04    3.55e-04      7.50e-02    6.92e-02    1.8e-08
  97500      8.05e-02    6.82e-02      6.15e-04    1.41e-04      7.94e-02    6.76e-02    1.8e-08
  97600      7.76e-02    7.03e-02      1.27e-03    6.59e-04      7.56e-02    6.94e-02    1.8e-08
  97700      7.93e-02    7.31e-02      7.93e-04    8.58e-04      7.82e-02    7.20e-02    1.8e-08
  97800      6.86e-02    6.63e-02      2.95e-04    7.78e-05      6.79e-02    6.57e-02    1.8e-08
  97900      7.36e-02    8.60e-02      6.89e-04    3.56e-04      7.24e-02    8.52e-02    1.8e-08
  98000      7.41e-02    7.61e-02      4.56e-04    2.22e-03      7.33e-02    7.23e-02    1.8e-08
  98100      7.67e-02    7.47e-02      4.05e-04    5.95e-04      7.59e-02    7.38e-02    1.8e-08
  98200      7.32e-02    6.88e-02      3.78e-04    1.11e-03      7.24e-02    6.74e-02    1.8e-08
  98300      8.15e-02    6.97e-02      5.74e-04    1.77e-03      8.05e-02    6.69e-02    1.8e-08
  98400      7.22e-02    7.51e-02      5.16e-04    4.30e-04      7.13e-02    7.43e-02    1.8e-08
  98500      6.28e-02    7.15e-02      7.26e-04    6.86e-04      6.17e-02    7.05e-02    1.8e-08
  98600      6.93e-02    6.91e-02      6.87e-04    3.01e-04      6.84e-02    6.84e-02    1.8e-08
  98700      7.49e-02    6.69e-02      6.46e-04    6.46e-04      7.38e-02    6.60e-02    1.8e-08
  98800      7.82e-02    8.17e-02      7.94e-04    2.03e-04      7.69e-02    8.10e-02    1.8e-08
  98900      6.72e-02    6.07e-02      1.37e-04    6.16e-04      6.66e-02    5.98e-02    1.8e-08
  99000      7.19e-02    8.45e-02      4.60e-04    1.48e-03      7.12e-02    8.25e-02    1.8e-08
  99100      7.53e-02    7.49e-02      6.33e-04    1.23e-03      7.42e-02    7.32e-02    1.8e-08
  99200      6.84e-02    7.06e-02      4.00e-04    9.91e-04      6.76e-02    6.93e-02    1.8e-08
  99300      6.83e-02    6.74e-02      4.26e-04    7.29e-04      6.75e-02    6.64e-02    1.8e-08
  99400      8.17e-02    7.42e-02      7.40e-04    6.57e-04      8.04e-02    7.33e-02    1.8e-08
  99500      8.23e-02    8.37e-02      4.91e-04    2.76e-03      8.15e-02    7.86e-02    1.8e-08
  99600      7.24e-02    7.59e-02      5.38e-04    1.90e-03      7.13e-02    7.30e-02    1.8e-08
  99700      7.62e-02    7.96e-02      1.47e-03    2.56e-05      7.40e-02    7.89e-02    1.8e-08
  99800      7.30e-02    7.53e-02      7.79e-04    1.00e-03      7.19e-02    7.40e-02    1.8e-08
  99900      6.79e-02    6.79e-02      7.85e-04    1.06e-03      6.66e-02    6.66e-02    1.8e-08
 100000      6.29e-02    6.91e-02      1.25e-03    7.63e-04      6.13e-02    6.84e-02    1.0e-08
